<?xml version="1.0" encoding="utf-8"?><testsuites name="pytest tests"><testsuite name="pytest" errors="0" failures="0" skipped="10" tests="572" time="101.638" timestamp="2026-07-26T14:53:52.755019+03:00" hostname="ws"><testcase classname="tests.test_chunker.TestStripFrontmatter" name="test_strips_frontmatter" time="0.003" /><testcase classname="tests.test_chunker.TestStripFrontmatter" name="test_no_frontmatter" time="0.001" /><testcase classname="tests.test_chunker.TestStripFrontmatter" name="test_empty_content" time="0.001" /><testcase classname="tests.test_chunker.TestSemanticChunkerInit" name="test_default_mode" time="0.001" /><testcase classname="tests.test_chunker.TestSemanticChunkerInit" name="test_custom_mode" time="0.001" /><testcase classname="tests.test_chunker.TestChunkByHeaders" name="test_single_section" time="0.001" /><testcase classname="tests.test_chunker.TestChunkByHeaders" name="test_multiple_h2_sections" time="0.001" /><testcase classname="tests.test_chunker.TestChunkByHeaders" name="test_h2_and_h3_mixed" time="0.001" /><testcase classname="tests.test_chunker.TestChunkByHeaders" name="test_preamble_before_first_header" time="0.001" /><testcase classname="tests.test_chunker.TestChunkByHeaders" name="test_no_headers" time="0.001" /><testcase classname="tests.test_chunker.TestChunkByHeaders" name="test_empty_content" time="0.001" /><testcase classname="tests.test_chunker.TestChunkByParagraphs" name="test_multiple_paragraphs" time="0.001" /><testcase classname="tests.test_chunker.TestChunkByParagraphs" name="test_single_paragraph" time="0.001" /><testcase classname="tests.test_chunker.TestChunkByParagraphs" name="test_with_frontmatter" time="0.001" /><testcase classname="tests.test_chunker.TestChunkByParagraphs" name="test_context_prefix_present" time="0.001" /><testcase classname="tests.test_chunker.TestChunkByParagraphs" name="test_empty_paragraphs" time="0.001" /><testcase classname="tests.test_chunker.TestChunkFixed" name="test_small_content" time="0.001" /><testcase classname="tests.test_chunker.TestChunkFixed" name="test_splits_large_content" time="0.001" /><testcase classname="tests.test_chunker.TestChunkFixed" name="test_with_overlap" time="0.001" /><testcase classname="tests.test_chunker.TestChunkFixed" name="test_context_prefix_on_each" time="0.001" /><testcase classname="tests.test_chunker.TestChunkFixed" name="test_empty_fixed" time="0.001" /><testcase classname="tests.test_chunker.TestChunkerOutputQuality" name="test_chunk_prefix_contains_metadata" time="0.001" /><testcase classname="tests.test_chunker.TestChunkerOutputQuality" name="test_chunks_are_non_empty" time="0.001" /><testcase classname="tests.test_chunker.TestChunkerOutputQuality" name="test_whitespace_only_skipped" time="0.001" /><testcase classname="tests.test_chunker.TestChunkerOutputQuality" name="test_context_prefix_always_includes_both_fields" time="0.001" /><testcase classname="tests.test_chunker.TestChunkerOutputQuality" name="test_different_modes_produce_same_prefix_format" time="0.001" /><testcase classname="tests.test_ci_policy" name="test_pr_workflows_do_not_suppress_or_depend_on_private_vaults" time="0.001" /><testcase classname="tests.test_ci_policy" name="test_ci_keeps_blocking_test_and_security_jobs" time="0.001" /><testcase classname="tests.test_ci_policy" name="test_workflow_actions_are_pinned_to_immutable_commits" time="0.001" /><testcase classname="tests.test_ci_policy" name="test_release_workflow_publishes_sbom_and_attestation" time="0.001" /><testcase classname="tests.test_cli" name="test_init_creates_vault" time="0.006" /><testcase classname="tests.test_cli" name="test_init_fails_on_nonempty" time="0.004" /><testcase classname="tests.test_cli" name="test_lint_valid_vault" time="0.009" /><testcase classname="tests.test_cli" name="test_lint_issues_return_nonzero" time="0.007" /><testcase classname="tests.test_cli" name="test_lint_missing_vault" time="0.004" /><testcase classname="tests.test_cli" name="test_index_generates_files" time="0.008" /><testcase classname="tests.test_cli" name="test_index_missing_vault" time="0.004" /><testcase classname="tests.test_cli" name="test_ingest_creates_note" time="0.005" /><testcase classname="tests.test_cli" name="test_ingest_with_tags" time="0.005" /><testcase classname="tests.test_cli" name="test_ingest_missing_vault" time="0.004" /><testcase classname="tests.test_cli" name="test_search_returns_results" time="0.012" /><testcase classname="tests.test_cli" name="test_search_uses_canonical_default_mode" time="0.005" /><testcase classname="tests.test_cli" name="test_search_no_results" time="0.009" /><testcase classname="tests.test_cli" name="test_search_missing_vault" time="0.004" /><testcase classname="tests.test_cli" name="test_version_flag" time="0.004" /><testcase classname="tests.test_cli" name="test_no_command_shows_help" time="0.005" /><testcase classname="tests.test_cli" name="test_ingest_duplicate_returns_1" time="0.010" /><testcase classname="tests.test_crash_recovery.TestPidLock" name="test_parallel_sync_refused_for_live_pid" time="0.002" /><testcase classname="tests.test_crash_recovery.TestPidLock" name="test_stale_lock_recovery_and_repeated_sync" time="0.005" /><testcase classname="tests.test_crash_recovery.TestPidLock" name="test_sync_lock_does_not_block_reads" time="0.004" /><testcase classname="tests.test_crash_recovery.TestDbIntegrity" name="test_integrity_check_passes_after_cli_sync" time="0.004" /><testcase classname="tests.test_embeddings.TestEmbeddingManager" name="test_import_has_no_hardcoded_env_file_side_effect" time="0.001" /><testcase classname="tests.test_embeddings.TestEmbeddingManager" name="test_embed_single_text" time="7.326" /><testcase classname="tests.test_embeddings.TestEmbeddingManager" name="test_embed_batch" time="0.098" /><testcase classname="tests.test_embeddings.TestEmbeddingManager" name="test_embed_empty_string" time="0.001" /><testcase classname="tests.test_embeddings.TestEmbeddingManager" name="test_embed_batch_empty" time="0.001" /><testcase classname="tests.test_embeddings.TestEmbeddingManager" name="test_embedding_deterministic" time="0.102" /><testcase classname="tests.test_embeddings.TestEmbeddingManager" name="test_embedding_different_texts" time="0.118" /><testcase classname="tests.test_embeddings.TestEmbeddingManager" name="test_canonical_identity_contains_immutable_revision" time="0.001" /><testcase classname="tests.test_embeddings.TestEmbeddingManager" name="test_sha256_verification_fails_closed" time="0.001" /><testcase classname="tests.test_embeddings.TestEmbeddingManager" name="test_unknown_provider_fails_closed" time="0.001" /><testcase classname="tests.test_graph_extraction" name="test_extracts_ua_is_a_triplet" time="0.001" /><testcase classname="tests.test_graph_extraction" name="test_extracts_en_uses_triplet" time="0.001" /><testcase classname="tests.test_graph_extraction" name="test_no_triplet_when_no_cue" time="0.001" /><testcase classname="tests.test_graph_extraction" name="test_skips_trivial_self_loop" time="0.001" /><testcase classname="tests.test_graph_extraction" name="test_store_triplets_persists_rows" time="0.003" /><testcase classname="tests.test_graph_extraction" name="test_store_note_triplets_extracts_and_persists" time="0.003" /><testcase classname="tests.test_healer.TestInferTitleFromFilename" name="test_snake_case" time="0.001" /><testcase classname="tests.test_healer.TestInferTitleFromFilename" name="test_kebab_case" time="0.001" /><testcase classname="tests.test_healer.TestInferTitleFromFilename" name="test_date_prefix" time="0.001" /><testcase classname="tests.test_healer.TestInferTitleFromFilename" name="test_already_title" time="0.001" /><testcase classname="tests.test_healer.TestInferTitleFromFilename" name="test_single_word" time="0.001" /><testcase classname="tests.test_healer.TestExtractFirstParagraph" name="test_basic" time="0.001" /><testcase classname="tests.test_healer.TestExtractFirstParagraph" name="test_ignores_header" time="0.001" /><testcase classname="tests.test_healer.TestExtractFirstParagraph" name="test_no_frontmatter" time="0.001" /><testcase classname="tests.test_healer.TestExtractFirstParagraph" name="test_empty" time="0.001" /><testcase classname="tests.test_healer.TestHealFrontmatter" name="test_no_changes_needed" time="0.002" /><testcase classname="tests.test_healer.TestHealFrontmatter" name="test_adds_missing_title" time="0.001" /><testcase classname="tests.test_healer.TestHealFrontmatter" name="test_adds_missing_description" time="0.001" /><testcase classname="tests.test_healer.TestHealFrontmatter" name="test_adds_missing_timestamp" time="0.001" /><testcase classname="tests.test_healer.TestHealFrontmatter" name="test_infers_type_from_folder" time="0.002" /><testcase classname="tests.test_healer.TestHealFrontmatter" name="test_fixes_type_casing" time="0.001" /><testcase classname="tests.test_healer.TestHealFrontmatter" name="test_preserves_existing_fields" time="0.001" /><testcase classname="tests.test_healer.TestHealFrontmatter" name="test_no_frontmatter_at_all" time="0.001" /><testcase classname="tests.test_healer.TestHealVault" name="test_dry_run_reports_but_does_not_modify" time="0.002" /><testcase classname="tests.test_healer.TestHealVault" name="test_live_heals_and_backs_up" time="0.002" /><testcase classname="tests.test_indexer.TestScanVaultNotes" name="test_scan_valid_vault" time="0.004" /><testcase classname="tests.test_indexer.TestScanVaultNotes" name="test_scan_counts" time="0.004" /><testcase classname="tests.test_indexer.TestScanVaultNotes" name="test_scan_excludes_templates" time="0.004" /><testcase classname="tests.test_indexer.TestScanVaultNotes" name="test_scan_empty_vault" time="0.001" /><testcase classname="tests.test_indexer.TestScanFolderNotes" name="test_scan_groups_by_folder" time="0.004" /><testcase classname="tests.test_indexer.TestScanFolderNotes" name="test_scan_folder_note_count" time="0.004" /><testcase classname="tests.test_indexer.TestScanFolderNotes" name="test_scan_nested_notes" time="0.004" /><testcase classname="tests.test_indexer.TestScanFolderNotes" name="test_scan_note_info_structure" time="0.004" /><testcase classname="tests.test_indexer.TestScanFolderNotes" name="test_scan_excludes_index_files" time="0.004" /><testcase classname="tests.test_indexer.TestGenerateIndexContent" name="test_generates_sections" time="0.004" /><testcase classname="tests.test_indexer.TestGenerateIndexContent" name="test_contains_frontmatter" time="0.004" /><testcase classname="tests.test_indexer.TestGenerateIndexContent" name="test_sorted_by_type_order" time="0.004" /><testcase classname="tests.test_indexer.TestGenerateMainIndexContent" name="test_contains_navigation_table" time="0.004" /><testcase classname="tests.test_indexer.TestGenerateMainIndexContent" name="test_contains_sub_index_links" time="0.004" /><testcase classname="tests.test_indexer.TestGenerateMainIndexContent" name="test_contains_note_counts" time="0.004" /><testcase classname="tests.test_indexer.TestGenerateMainIndexContent" name="test_contains_agent_protocol" time="0.004" /><testcase classname="tests.test_indexer.TestGenerateMainIndexContent" name="test_contains_frontmatter" time="0.004" /><testcase classname="tests.test_indexer.TestGenerateSubIndexContent" name="test_generates_detailed_entries" time="0.004" /><testcase classname="tests.test_indexer.TestGenerateSubIndexContent" name="test_contains_note_metadata" time="0.004" /><testcase classname="tests.test_indexer.TestGenerateSubIndexContent" name="test_contains_frontmatter" time="0.004" /><testcase classname="tests.test_indexer.TestGenerateSubIndexContent" name="test_empty_folder_generates_clean_index" time="0.001" /><testcase classname="tests.test_indexer.TestRunGenerateIndex" name="test_creates_index_file" time="0.004" /><testcase classname="tests.test_indexer.TestRunGenerateIndex" name="test_index_content_valid" time="0.004" /><testcase classname="tests.test_indexer.TestRunGenerateIndex" name="test_overwrites_existing_index" time="0.004" /><testcase classname="tests.test_indexer.TestRunGenerateSubIndex" name="test_creates_sub_index_file" time="0.004" /><testcase classname="tests.test_indexer.TestRunGenerateSubIndex" name="test_sub_index_content_valid" time="0.004" /><testcase classname="tests.test_indexer.TestRunGenerateHierarchicalIndex" name="test_creates_main_index" time="0.005" /><testcase classname="tests.test_indexer.TestRunGenerateHierarchicalIndex" name="test_creates_sub_indexes" time="0.005" /><testcase classname="tests.test_indexer.TestRunGenerateHierarchicalIndex" name="test_main_index_links_to_sub_indexes" time="0.005" /><testcase classname="tests.test_indexer.TestRunGenerateHierarchicalIndex" name="test_sub_index_contains_all_notes" time="0.005" /><testcase classname="tests.test_indexer.TestRunGenerateHierarchicalIndex" name="test_overwrites_existing_indexes" time="0.005" /><testcase classname="tests.test_indexer.TestTruncateForCatalog" name="test_short_description_unchanged" time="0.001" /><testcase classname="tests.test_indexer.TestTruncateForCatalog" name="test_empty_description" time="0.001" /><testcase classname="tests.test_indexer.TestTruncateForCatalog" name="test_long_description_truncated_with_ellipsis" time="0.001" /><testcase classname="tests.test_indexer.TestTruncateForCatalog" name="test_custom_max_length" time="0.001" /><testcase classname="tests.test_indexer.TestTruncateForCatalog" name="test_long_description_preserved_in_note_but_truncated_in_catalog" time="0.005" /><testcase classname="tests.test_integration" name="test_full_cycle_init_ingest_lint_index" time="0.012" /><testcase classname="tests.test_integration" name="test_init_then_lint_broken_vault" time="0.007" /><testcase classname="tests.test_linter.TestRunLintVault" name="test_healthy_vault" time="0.005" /><testcase classname="tests.test_linter.TestRunLintVault" name="test_detects_no_frontmatter" time="0.004" /><testcase classname="tests.test_linter.TestRunLintVault" name="test_detects_missing_type" time="0.004" /><testcase classname="tests.test_linter.TestRunLintVault" name="test_detects_broken_links" time="0.004" /><testcase classname="tests.test_linter.TestRunLintVault" name="test_detects_orphans" time="0.004" /><testcase classname="tests.test_linter.TestRunLintVault" name="test_total_notes_count" time="0.004" /><testcase classname="tests.test_linter.TestRunLintVault" name="test_daily_logs_excluded_from_orphans" time="0.005" /><testcase classname="tests.test_linter.TestRunLintVault" name="test_detects_stale_notes" time="0.004" /><testcase classname="tests.test_linter.TestRunLintVault" name="test_no_stale_in_healthy_vault" time="0.005" /><testcase classname="tests.test_linter.TestRunLintVault" name="test_protocol_path_link_resolves" time="0.003" /><testcase classname="tests.test_linter.TestRunLintVault" name="test_archive_and_root_daily_log_are_not_orphans" time="0.003" /><testcase classname="tests.test_linter.TestRunLintVault" name="test_archived_status_is_not_orphan" time="0.002" /><testcase classname="tests.test_linter.TestOkfScope" name="test_para_and_brain_in_scope" time="0.001" /><testcase classname="tests.test_linter.TestOkfScope" name="test_root_daily_log_in_scope" time="0.001" /><testcase classname="tests.test_linter.TestOkfScope" name="test_system_index_files_not_in_scope" time="0.001" /><testcase classname="tests.test_linter.TestOkfScope" name="test_foreign_repo_out_of_scope" time="0.001" /><testcase classname="tests.test_linter.TestOkfScope" name="test_root_repo_meta_out_of_scope" time="0.001" /><testcase classname="tests.test_linter.TestOkfScope" name="test_foreign_md_not_flagged" time="0.006" /><testcase classname="tests.test_linter.TestOkfScope" name="test_node_modules_doc_not_flagged" time="0.006" /><testcase classname="tests.test_linter.TestPowerignore" name="test_is_ignored_missing_returns_false" time="0.001" /><testcase classname="tests.test_linter.TestPowerignore" name="test_powerignore_excludes_matching_paths" time="0.001" /><testcase classname="tests.test_linter.TestPowerignore" name="test_powerignore_applied_by_linter" time="0.006" /><testcase classname="tests.test_linter.TestLintResult" name="test_no_issues" time="0.001" /><testcase classname="tests.test_linter.TestLintResult" name="test_has_untyped" time="0.001" /><testcase classname="tests.test_linter.TestLintResult" name="test_has_broken" time="0.001" /><testcase classname="tests.test_linter.TestLintResult" name="test_has_orphans" time="0.001" /><testcase classname="tests.test_linter.TestLintResult" name="test_has_stale" time="0.001" /><testcase classname="tests.test_linter.TestLintReport" name="test_healthy_report" time="0.005" /><testcase classname="tests.test_linter.TestLintReport" name="test_issues_report" time="0.004" /><testcase classname="tests.test_linter.TestLintReport" name="test_report_contains_vault_path" time="0.005" /><testcase classname="tests.test_low_ram_sync" name="test_sync_uses_batch_not_per_item" time="0.011" /><testcase classname="tests.test_low_ram_sync" name="test_sync_adaptive_batch_on_memory_error" time="0.009" /><testcase classname="tests.test_low_ram_sync" name="test_sync_fts_only_skips_embedding" time="0.007" /><testcase classname="tests.test_low_ram_sync" name="test_fastembed_parallel_is_bounded_not_all_cores" time="0.222" /><testcase classname="tests.test_markdown_checks.TestTrailingWhitespace" name="test_detects_trailing_whitespace" time="0.001" /><testcase classname="tests.test_markdown_checks.TestTrailingWhitespace" name="test_clean_content" time="0.001" /><testcase classname="tests.test_markdown_checks.TestTrailingWhitespace" name="test_fix_removes_whitespace" time="0.001" /><testcase classname="tests.test_markdown_checks.TestListMarkers" name="test_detects_inconsistent_markers" time="0.001" /><testcase classname="tests.test_markdown_checks.TestListMarkers" name="test_consistent_markers_no_issue" time="0.001" /><testcase classname="tests.test_markdown_checks.TestListMarkers" name="test_fix_standardizes_to_dash" time="0.001" /><testcase classname="tests.test_markdown_checks.TestListMarkers" name="test_skips_code_blocks" time="0.001" /><testcase classname="tests.test_markdown_checks.TestHeaderJumps" name="test_detects_jump" time="0.001" /><testcase classname="tests.test_markdown_checks.TestHeaderJumps" name="test_no_jump" time="0.001" /><testcase classname="tests.test_markdown_checks.TestHeaderJumps" name="test_multiple_jumps" time="0.001" /><testcase classname="tests.test_markdown_checks.TestCodeBlockLanguage" name="test_detects_missing_language" time="0.001" /><testcase classname="tests.test_markdown_checks.TestCodeBlockLanguage" name="test_with_language" time="0.001" /><testcase classname="tests.test_markdown_checks.TestCodeBlockLanguage" name="test_multiple_blocks" time="0.001" /><testcase classname="tests.test_markdown_checks.TestCheckAll" name="test_finds_all_issues" time="0.001" /><testcase classname="tests.test_markdown_checks.TestCheckAll" name="test_no_issues" time="0.001" /><testcase classname="tests.test_markdown_checks.TestFixAll" name="test_fixes_whitespace_and_list_markers" time="0.001" /><testcase classname="tests.test_markdown_checks.TestFixAll" name="test_no_changes_needed" time="0.001" /><testcase classname="tests.test_mcp_server" name="test_read_sub_index_existing_category" time="0.010" /><testcase classname="tests.test_mcp_server" name="test_read_sub_index_invalid_category" time="0.002" /><testcase classname="tests.test_mcp_server" name="test_read_sub_index_nonexistent_folder" time="0.002" /><testcase classname="tests.test_mcp_server" name="test_search_vault_finds_notes" time="0.009" /><testcase classname="tests.test_mcp_server" name="test_search_vault_empty_query" time="0.002" /><testcase classname="tests.test_mcp_server" name="test_search_vault_uses_canonical_default_mode" time="0.002" /><testcase classname="tests.test_mcp_server" name="test_search_vault_keeps_explicit_fts_mode_compatible" time="0.002" /><testcase classname="tests.test_mcp_server" name="test_search_vault_rejects_unknown_mode" time="0.002" /><testcase classname="tests.test_mcp_server" name="test_search_vault_rejects_result_budget_overrides[0]" time="0.002" /><testcase classname="tests.test_mcp_server" name="test_search_vault_rejects_result_budget_overrides[21]" time="0.002" /><testcase classname="tests.test_mcp_server" name="test_search_vault_no_matches" time="0.008" /><testcase classname="tests.test_mcp_server" name="test_lint_vault_on_sample" time="0.006" /><testcase classname="tests.test_mcp_server" name="test_generate_index_tool" time="0.006" /><testcase classname="tests.test_mcp_server" name="test_ingest_note_tool" time="0.013" /><testcase classname="tests.test_mcp_server" name="test_synthesize_session_serializes_write_and_stores_triplets" time="0.014" /><testcase classname="tests.test_mcp_server" name="test_mcp_write_tools_reject_path_traversal[ingest]" time="0.002" /><testcase classname="tests.test_mcp_server" name="test_mcp_write_tools_reject_path_traversal[synthesize]" time="0.002" /><testcase classname="tests.test_mcp_server" name="test_mcp_tools_reject_vault_root_substitution" time="0.007" /><testcase classname="tests.test_mcp_server" name="test_http_transport_defaults_to_loopback" time="0.001" /><testcase classname="tests.test_mcp_server" name="test_http_transport_rejects_non_loopback_bind[0.0.0.0]" time="0.001" /><testcase classname="tests.test_mcp_server" name="test_http_transport_rejects_non_loopback_bind[192.0.2.20]" time="0.001" /><testcase classname="tests.test_mcp_server" name="test_http_transport_rejects_non_loopback_bind[example.test]" time="0.001" /><testcase classname="tests.test_mcp_server" name="test_http_transport_rejects_invalid_port[not-a-port]" time="0.001" /><testcase classname="tests.test_mcp_server" name="test_http_transport_rejects_invalid_port[0]" time="0.001" /><testcase classname="tests.test_mcp_server" name="test_http_transport_rejects_invalid_port[65536]" time="0.001" /><testcase classname="tests.test_mcp_server" name="test_run_rejects_unknown_transport" time="0.001" /><testcase classname="tests.test_mcp_server" name="test_run_requires_configured_vault_root" time="0.001" /><testcase classname="tests.test_memory_benchmarks.TestMemoryAgentBench" name="test_accurate_retrieval" time="0.009" /><testcase classname="tests.test_memory_benchmarks.TestMemoryAgentBench" name="test_test_time_learning" time="0.007" /><testcase classname="tests.test_memory_benchmarks.TestMemoryAgentBench" name="test_long_range_understanding" time="0.004" /><testcase classname="tests.test_memory_benchmarks.TestMemoryAgentBench" name="test_conflict_resolution" time="7.201" /><testcase classname="tests.test_memory_benchmarks.TestLoCoMo" name="test_single_hop_recall" time="0.005" /><testcase classname="tests.test_memory_benchmarks.TestLoCoMo" name="test_multi_hop_reasoning" time="0.005" /><testcase classname="tests.test_memory_benchmarks.TestLoCoMo" name="test_temporal_inference" time="0.008" /><testcase classname="tests.test_memory_benchmarks.TestLongMemEval" name="test_lost_in_the_middle" time="0.013" /><testcase classname="tests.test_memory_benchmarks.TestLongMemEval" name="test_abstention" time="0.005" /><testcase classname="tests.test_memory_benchmarks.TestBEAM" name="test_preference_decay_and_policy_update" time="0.002" /><testcase classname="tests.test_memory_benchmarks.TestCrossLingualSearch" name="test_cross_lingual_english_query_ukrainian_note" time="0.011" /><testcase classname="tests.test_memory_benchmarks.TestCrossLingualSearch" name="test_cross_lingual_ukrainian_query_english_note" time="0.005" /><testcase classname="tests.test_models.TestNoteType" name="test_all_types_exist" time="0.001" /><testcase classname="tests.test_models.TestNoteType" name="test_type_count" time="0.001" /><testcase classname="tests.test_models.TestNoteStatus" name="test_all_statuses_exist" time="0.001" /><testcase classname="tests.test_models.TestNoteStatus" name="test_status_count" time="0.001" /><testcase classname="tests.test_models.TestNoteFile" name="test_note_file_properties" time="0.001" /><testcase classname="tests.test_models.TestNoteFile" name="test_note_file_no_metadata" time="0.001" /><testcase classname="tests.test_models.TestOKFMetadata" name="test_valid_minimal" time="0.001" /><testcase classname="tests.test_models.TestOKFMetadata" name="test_valid_full" time="0.001" /><testcase classname="tests.test_models.TestOKFMetadata" name="test_invalid_type" time="0.001" /><testcase classname="tests.test_models.TestOKFMetadata" name="test_empty_title_rejected" time="0.001" /><testcase classname="tests.test_models.TestOKFMetadata" name="test_empty_description_rejected" time="0.001" /><testcase classname="tests.test_models.TestOKFMetadata" name="test_description_long_accepted" time="0.001" /><testcase classname="tests.test_models.TestOKFMetadata" name="test_description_very_long_accepted" time="0.001" /><testcase classname="tests.test_models.TestOKFMetadata" name="test_title_too_long" time="0.001" /><testcase classname="tests.test_models.TestOKFMetadata" name="test_invalid_resource_url" time="0.001" /><testcase classname="tests.test_models.TestOKFMetadata" name="test_valid_resource_urls" time="0.001" /><testcase classname="tests.test_models.TestOKFMetadata" name="test_tags_stripped" time="0.001" /><testcase classname="tests.test_models.TestOKFMetadata" name="test_extra_fields_ignored" time="0.001" /><testcase classname="tests.test_models.TestOKFMetadata" name="test_title_whitespace_stripped" time="0.001" /><testcase classname="tests.test_models.TestOKFMetadata" name="test_related_field" time="0.001" /><testcase classname="tests.test_models.TestOKFMetadata" name="test_related_empty_by_default" time="0.001" /><testcase classname="tests.test_models.TestOKFMetadata" name="test_related_typed_direct" time="0.001" /><testcase classname="tests.test_models.TestOKFMetadata" name="test_related_mixed_strings_and_typed" time="0.001" /><testcase classname="tests.test_models.TestOKFMetadata" name="test_related_strips_whitespace" time="0.001" /><testcase classname="tests.test_models.TestOKFMetadata" name="test_owner_field" time="0.001" /><testcase classname="tests.test_models.TestOKFMetadata" name="test_status_field" time="0.001" /><testcase classname="tests.test_models.TestOKFMetadata" name="test_invalid_status_rejected" time="0.001" /><testcase classname="tests.test_models.TestOKFMetadata" name="test_expiry_field" time="0.001" /><testcase classname="tests.test_models.TestOKFMetadata" name="test_all_governance_fields" time="0.001" /><testcase classname="tests.test_neural_determinism.TestSemanticDeterminism" name="test_in_process_repeats_produce_identical_top5[gpg signing]" time="0.000"><skipped type="pytest.skip" message="set POWER_RUN_BENCHMARKS=1 with a real brain vault to run neural benchmarks">/var/tmp/power-framework-pr186/tests/test_neural_determinism.py:78: set POWER_RUN_BENCHMARKS=1 with a real brain vault to run neural benchmarks</skipped></testcase><testcase classname="tests.test_neural_determinism.TestSemanticDeterminism" name="test_in_process_repeats_produce_identical_top5[power safety]" time="0.000"><skipped type="pytest.skip" message="set POWER_RUN_BENCHMARKS=1 with a real brain vault to run neural benchmarks">/var/tmp/power-framework-pr186/tests/test_neural_determinism.py:78: set POWER_RUN_BENCHMARKS=1 with a real brain vault to run neural benchmarks</skipped></testcase><testcase classname="tests.test_neural_determinism.TestSemanticDeterminism" name="test_in_process_repeats_produce_identical_top5[docker compose]" time="0.000"><skipped type="pytest.skip" message="set POWER_RUN_BENCHMARKS=1 with a real brain vault to run neural benchmarks">/var/tmp/power-framework-pr186/tests/test_neural_determinism.py:78: set POWER_RUN_BENCHMARKS=1 with a real brain vault to run neural benchmarks</skipped></testcase><testcase classname="tests.test_neural_determinism.TestSemanticDeterminism" name="test_in_process_repeats_produce_identical_top5[tailscale vpn]" time="0.000"><skipped type="pytest.skip" message="set POWER_RUN_BENCHMARKS=1 with a real brain vault to run neural benchmarks">/var/tmp/power-framework-pr186/tests/test_neural_determinism.py:78: set POWER_RUN_BENCHMARKS=1 with a real brain vault to run neural benchmarks</skipped></testcase><testcase classname="tests.test_neural_determinism.TestSemanticDeterminism" name="test_all_queries_return_results" time="0.000"><skipped type="pytest.skip" message="set POWER_RUN_BENCHMARKS=1 with a real brain vault to run neural benchmarks">/var/tmp/power-framework-pr186/tests/test_neural_determinism.py:91: set POWER_RUN_BENCHMARKS=1 with a real brain vault to run neural benchmarks</skipped></testcase><testcase classname="tests.test_neural_determinism.TestRerankedDeterminism" name="test_batch_1_and_8_same_top5[gpg signing]" time="0.000"><skipped type="pytest.skip" message="set POWER_RUN_BENCHMARKS=1 with a real brain vault to run neural benchmarks">/var/tmp/power-framework-pr186/tests/test_neural_determinism.py:113: set POWER_RUN_BENCHMARKS=1 with a real brain vault to run neural benchmarks</skipped></testcase><testcase classname="tests.test_neural_determinism.TestRerankedDeterminism" name="test_batch_1_and_8_same_top5[power safety]" time="0.000"><skipped type="pytest.skip" message="set POWER_RUN_BENCHMARKS=1 with a real brain vault to run neural benchmarks">/var/tmp/power-framework-pr186/tests/test_neural_determinism.py:113: set POWER_RUN_BENCHMARKS=1 with a real brain vault to run neural benchmarks</skipped></testcase><testcase classname="tests.test_neural_determinism.TestRerankedDeterminism" name="test_batch_1_and_8_same_top5[docker compose]" time="0.000"><skipped type="pytest.skip" message="set POWER_RUN_BENCHMARKS=1 with a real brain vault to run neural benchmarks">/var/tmp/power-framework-pr186/tests/test_neural_determinism.py:113: set POWER_RUN_BENCHMARKS=1 with a real brain vault to run neural benchmarks</skipped></testcase><testcase classname="tests.test_neural_determinism.TestRerankedDeterminism" name="test_batch_1_and_8_same_top5[tailscale vpn]" time="0.000"><skipped type="pytest.skip" message="set POWER_RUN_BENCHMARKS=1 with a real brain vault to run neural benchmarks">/var/tmp/power-framework-pr186/tests/test_neural_determinism.py:113: set POWER_RUN_BENCHMARKS=1 with a real brain vault to run neural benchmarks</skipped></testcase><testcase classname="tests.test_parser.TestExtractFrontmatterRaw" name="test_valid_frontmatter" time="0.001" /><testcase classname="tests.test_parser.TestExtractFrontmatterRaw" name="test_no_frontmatter" time="0.001" /><testcase classname="tests.test_parser.TestExtractFrontmatterRaw" name="test_malformed_frontmatter" time="0.001" /><testcase classname="tests.test_parser.TestExtractFrontmatterRaw" name="test_windows_line_endings" time="0.001" /><testcase classname="tests.test_parser.TestParseFrontmatter" name="test_valid_yaml" time="0.002" /><testcase classname="tests.test_parser.TestParseFrontmatter" name="test_invalid_yaml" time="0.001" /><testcase classname="tests.test_parser.TestParseFrontmatter" name="test_no_frontmatter" time="0.001" /><testcase classname="tests.test_parser.TestParseFrontmatter" name="test_list_as_frontmatter" time="0.001" /><testcase classname="tests.test_parser.TestValidateMetadata" name="test_valid_metadata" time="0.002" /><testcase classname="tests.test_parser.TestValidateMetadata" name="test_invalid_metadata_missing_type" time="0.001" /><testcase classname="tests.test_parser.TestValidateMetadata" name="test_no_frontmatter" time="0.001" /><testcase classname="tests.test_parser.TestHasFrontmatter" name="test_has_frontmatter" time="0.001" /><testcase classname="tests.test_parser.TestHasFrontmatter" name="test_no_frontmatter" time="0.001" /><testcase classname="tests.test_parser.TestHasTypeField" name="test_has_type" time="0.002" /><testcase classname="tests.test_parser.TestHasTypeField" name="test_missing_type" time="0.001" /><testcase classname="tests.test_parser.TestHasTypeField" name="test_no_frontmatter" time="0.001" /><testcase classname="tests.test_parser.TestBuildFrontmatter" name="test_build_minimal" time="0.001" /><testcase classname="tests.test_parser.TestBuildFrontmatter" name="test_build_full" time="0.001" /><testcase classname="tests.test_parser.TestBuildFrontmatter" name="test_escape_quotes" time="0.001" /><testcase classname="tests.test_parser.TestBuildFrontmatter" name="test_build_with_governance" time="0.001" /><testcase classname="tests.test_parser.TestBuildFrontmatter" name="test_build_with_related" time="0.001" /><testcase classname="tests.test_parser.TestBuildFrontmatter" name="test_build_with_all_new_fields" time="0.001" /><testcase classname="tests.test_perf_optimizations.TestBackgroundIndexer" name="test_search_does_not_block_on_sync" time="0.007" /><testcase classname="tests.test_perf_optimizations.TestBackgroundIndexer" name="test_request_sync_enqueues" time="0.004" /><testcase classname="tests.test_perf_optimizations.TestBackgroundIndexer" name="test_coverage_reports_counts" time="0.007" /><testcase classname="tests.test_perf_optimizations.TestSemanticNumpy" name="test_semantic_search_rejects_fts_only_index" time="0.007" /><testcase classname="tests.test_perf_optimizations.TestSemanticNumpy" name="test_semantic_search_rejects_missing_index" time="0.001" /><testcase classname="tests.test_perf_optimizations.TestBoundedRerank" name="test_rerank_limit_constant" time="0.001" /><testcase classname="tests.test_perf_optimizations.TestBoundedRerank" name="test_hybrid_reranked_uses_hermetic_reranker" time="0.008" /><testcase classname="tests.test_perf_optimizations.TestPragmaTuning" name="test_pragmas_applied" time="0.002" /><testcase classname="tests.test_perf_optimizations.TestCoverageFooter" name="test_footer_present_when_indexed" time="0.009" /><testcase classname="tests.test_perf_optimizations.TestCoverageFooter" name="test_no_footer_without_vault" time="0.001" /><testcase classname="tests.test_perf_optimizations.TestEmbeddingCacheDir" name="test_embedding_cache_dir_persistent" time="0.001" /><testcase classname="tests.test_perf_optimizations.TestSemanticFailClosed" name="test_does_not_load_embedder_without_dense_index" time="0.007" /><testcase classname="tests.test_perf_optimizations.TestSemanticFailClosed" name="test_empty_vault_reports_missing_dense_index" time="0.001" /><testcase classname="tests.test_performance_v3" name="test_tf_vectors_caching" time="0.008" /><testcase classname="tests.test_performance_v3" name="test_query_expansion_deduplication" time="0.016" /><testcase classname="tests.test_query_expansion.TestQueryExpander" name="test_synonym_expand_simple" time="0.001" /><testcase classname="tests.test_query_expansion.TestQueryExpander" name="test_synonym_expand_docker_to_container" time="0.001" /><testcase classname="tests.test_query_expansion.TestQueryExpander" name="test_synonym_expand_uk_to_en" time="0.001" /><testcase classname="tests.test_query_expansion.TestQueryExpander" name="test_synonym_expand_backup" time="0.001" /><testcase classname="tests.test_query_expansion.TestQueryExpander" name="test_empty_query" time="0.001" /><testcase classname="tests.test_query_expansion.TestQueryExpander" name="test_no_synonyms" time="0.001" /><testcase classname="tests.test_query_expansion.TestQueryExpander" name="test_deduplication" time="0.001" /><testcase classname="tests.test_query_expansion.TestQueryExpander" name="test_multi_word_query_partial_synonyms" time="0.001" /><testcase classname="tests.test_query_expansion.TestQueryExpander" name="test_case_preserved_in_variants" time="0.001" /><testcase classname="tests.test_query_expansion.TestQueryExpanderLLM" name="test_llm_skipped_when_no_api_key" time="0.001" /><testcase classname="tests.test_query_expansion.TestQueryExpanderLLM" name="test_llm_graceful_on_network_error" time="0.002" /><testcase classname="tests.test_query_expansion.TestQueryExpanderLLM" name="test_llm_graceful_on_bad_json" time="0.002" /><testcase classname="tests.test_query_expansion.TestQueryExpanderLLM" name="test_llm_adds_variants_on_success" time="0.002" /><testcase classname="tests.test_query_expansion.TestQueryExpanderLLM" name="test_llm_uses_env_var_when_no_key_arg" time="0.001" /><testcase classname="tests.test_query_expansion.TestQueryExpanderInit" name="test_default_no_llm" time="0.001" /><testcase classname="tests.test_query_expansion.TestQueryExpanderInit" name="test_explicit_llm_and_key" time="0.001" /><testcase classname="tests.test_query_expansion.TestQueryExpanderInit" name="test_api_key_from_env" time="0.001" /><testcase classname="tests.test_relations.TestExtractKeywords" name="test_extracts_meaningful_words" time="0.001" /><testcase classname="tests.test_relations.TestExtractKeywords" name="test_filters_stop_words" time="0.001" /><testcase classname="tests.test_relations.TestExtractKeywords" name="test_empty_text" time="0.001" /><testcase classname="tests.test_relations.TestExtractKeywords" name="test_unicode_support" time="0.001" /><testcase classname="tests.test_relations.TestComputeOverlapScore" name="test_identical_keywords" time="0.001" /><testcase classname="tests.test_relations.TestComputeOverlapScore" name="test_no_overlap" time="0.001" /><testcase classname="tests.test_relations.TestComputeOverlapScore" name="test_tag_boost" time="0.001" /><testcase classname="tests.test_relations.TestSuggestRelated" name="test_healthy_vault" time="0.004" /><testcase classname="tests.test_relations.TestSuggestRelated" name="test_specific_target" time="0.004" /><testcase classname="tests.test_relations.TestSuggestRelated" name="test_no_target_for_nonexistent" time="0.004" /><testcase classname="tests.test_relations.TestSuggestRelated" name="test_empty_vault" time="0.001" /><testcase classname="tests.test_relations.TestSuggestRelated" name="test_max_results" time="0.004" /><testcase classname="tests.test_relations.TestRelationSuggestion" name="test_creation" time="0.001" /><testcase classname="tests.test_relations.TestKnowledgeGraphIntegrity" name="test_from_notes_quarantines_missing_relation_target" time="0.001" /><testcase classname="tests.test_relations.TestFormatRelationSuggestions" name="test_empty" time="0.001" /><testcase classname="tests.test_relations.TestFormatRelationSuggestions" name="test_with_suggestions" time="0.001" /><testcase classname="tests.test_relations.TestSemanticSuggestions" name="test_cosine_helper" time="0.001" /><testcase classname="tests.test_relations.TestSemanticSuggestions" name="test_semantic_ranks_closest_note" time="0.002" /><testcase classname="tests.test_relations.TestSemanticSuggestions" name="test_semantic_falls_back_to_keyword_without_embeddings" time="0.002" /><testcase classname="tests.test_rename" name="test_propagate_rename_dry_run" time="0.002" /><testcase classname="tests.test_rename" name="test_propagate_rename_live" time="0.002" /><testcase classname="tests.test_rename" name="test_cli_rename_command" time="0.009" /><testcase classname="tests.test_reranker.TestRerankerManager" name="test_rerank_returns_scores" time="0.001" /><testcase classname="tests.test_reranker.TestRerankerManager" name="test_rerank_orders_by_relevance" time="0.001" /><testcase classname="tests.test_reranker.TestRerankerManager" name="test_rerank_single_document" time="0.001" /><testcase classname="tests.test_reranker.TestRerankerManager" name="test_rerank_empty_documents" time="0.001" /><testcase classname="tests.test_reranker.TestRerankerManager" name="test_lazy_init_does_not_load_on_construction" time="0.001" /><testcase classname="tests.test_reranker.TestRerankerManager" name="test_jina_requires_explicit_noncommercial_opt_in" time="0.001" /><testcase classname="tests.test_reranker.TestRerankerManager" name="test_rerank_calls_model_rerank_with_args" time="0.001" /><testcase classname="tests.test_reranker.TestRerankerManager" name="test_colbert_helpers" time="0.002" /><testcase classname="tests.test_reranker.TestRerankerManager" name="test_colbert_reranker_exceptions" time="0.002" /><testcase classname="tests.test_reranker.TestRerankerManager" name="test_lazy_init_already_initialized" time="0.001" /><testcase classname="tests.test_reranker.TestRerankerManager" name="test_get_reranker_default_is_bge" time="0.002" /><testcase classname="tests.test_reranker.TestRerankerManager" name="test_bge_default_uses_a_pinned_snapshot_and_complete_file_hashes" time="0.001" /><testcase classname="tests.test_reranker.TestRerankerManager" name="test_jina_opt_in_requires_both_flags" time="0.001" /><testcase classname="tests.test_reranker.TestRerankerManager" name="test_lexical_reranker_ranks_by_overlap" time="0.001" /><testcase classname="tests.test_reranker.TestRerankerManager" name="test_bgem3_reranker_ranks_relevant_first" time="7.886" /><testcase classname="tests.test_reranker.TestRerankerManager" name="test_qwen3_reranker_import_error" time="0.002" /><testcase classname="tests.test_reranker.TestRerankerManager" name="test_fastembed_reranker_import_error" time="0.002" /><testcase classname="tests.test_reranker.TestRerankerManager" name="test_colbert_rerank_with_mock_model" time="0.003" /><testcase classname="tests.test_reranker" name="test_bge_reranker_omits_token_type_ids_when_model_does_not_accept_it" time="0.003" /><testcase classname="tests.test_reranker" name="test_bge_reranker_includes_token_type_ids_when_model_accepts_it" time="0.003" /><testcase classname="tests.test_reranker_batch" name="test_reranker_cache_none_is_unavailable" time="0.001" /><testcase classname="tests.test_reranker_batch" name="test_reranker_cached_no_exist_is_unavailable" time="0.001" /><testcase classname="tests.test_reranker_batch" name="test_reranker_cached_model_path_is_available" time="0.001" /><testcase classname="tests.test_reranker_batch.TestBGEM3RerankerBatchEquivalence" name="test_batch_1_and_8_same_ordering" time="16.635" /><testcase classname="tests.test_reranker_batch.TestBGEM3RerankerBatchEquivalence" name="test_batch_4_and_8_same_ordering" time="16.642" /><testcase classname="tests.test_reranker_batch.TestBGEM3RerankerBatchEquivalence" name="test_batch_16_does_not_change_ordering" time="16.696" /><testcase classname="tests.test_reranker_batch.TestBGEM3RerankerBatchEquivalence" name="test_rerank_preserves_doc_count" time="7.388" /><testcase classname="tests.test_reranker_batch.TestBGEM3RerankerBatchEquivalence" name="test_empty_docs_returns_empty" time="6.966" /><testcase classname="tests.test_reranker_batch.TestBGEM3RerankerBatchEquivalence" name="test_batch_1_returns_scores_for_each_doc" time="7.124" /><testcase classname="tests.test_reranker_batch" name="test_default_batch_size_env" time="0.001" /><testcase classname="tests.test_reranker_batch" name="test_reranker_implements_protocol" time="0.001" /><testcase classname="tests.test_retrieval_fixture" name="test_fts_retrieval_fixture_returns_expected_document[test project-01_Projects/TestProject.md]" time="0.008" /><testcase classname="tests.test_retrieval_fixture" name="test_fts_retrieval_fixture_returns_expected_document[sample resource-03_Resources/TestResource.md]" time="0.007" /><testcase classname="tests.test_retrieval_fixture" name="test_fts_retrieval_fixture_returns_expected_document[Weby QRank architecture-01_Projects/Weby-QRank/Architecture.md]" time="0.007" /><testcase classname="tests.test_rot.TestROTResult" name="test_no_issues" time="0.001" /><testcase classname="tests.test_rot.TestROTResult" name="test_has_redundant" time="0.001" /><testcase classname="tests.test_rot.TestROTResult" name="test_has_outdated" time="0.001" /><testcase classname="tests.test_rot.TestROTResult" name="test_has_trivial" time="0.001" /><testcase classname="tests.test_rot.TestTitleSimilarity" name="test_identical" time="0.001" /><testcase classname="tests.test_rot.TestTitleSimilarity" name="test_partial_overlap" time="0.001" /><testcase classname="tests.test_rot.TestTitleSimilarity" name="test_no_overlap" time="0.001" /><testcase classname="tests.test_rot.TestTitleSimilarity" name="test_empty_titles" time="0.001" /><testcase classname="tests.test_rot.TestGetBodyContent" name="test_with_frontmatter" time="0.001" /><testcase classname="tests.test_rot.TestGetBodyContent" name="test_without_frontmatter" time="0.001" /><testcase classname="tests.test_rot.TestRunRotAudit" name="test_healthy_vault_has_only_trivial" time="0.004" /><testcase classname="tests.test_rot.TestRunRotAudit" name="test_detects_stale_notes" time="0.003" /><testcase classname="tests.test_rot.TestRunRotAudit" name="test_detects_trivial_note" time="0.002" /><testcase classname="tests.test_rot.TestArchiveStaleNotes" name="test_dry_run_does_not_move" time="0.003" /><testcase classname="tests.test_rot.TestArchiveStaleNotes" name="test_live_move_stale_note" time="0.004" /><testcase classname="tests.test_rot.TestArchiveStaleNotes" name="test_no_stale_in_healthy" time="0.004" /><testcase classname="tests.test_rot.TestRotReport" name="test_healthy_report" time="0.004" /><testcase classname="tests.test_rot.TestRotReport" name="test_issues_report" time="0.003" /><testcase classname="tests.test_rot_scoring.TestContentDedupDetector" name="test_detects_similar_content" time="0.309" /><testcase classname="tests.test_rot_scoring.TestContentDedupDetector" name="test_different_content_not_deduped" time="0.203" /><testcase classname="tests.test_rot_scoring.TestFreshnessScorer" name="test_recent_note_is_fresh" time="0.002" /><testcase classname="tests.test_rot_scoring.TestFreshnessScorer" name="test_old_daily_log_is_stale" time="0.002" /><testcase classname="tests.test_rot_scoring.TestFreshnessScorer" name="test_resource_ages_slower" time="0.002" /><testcase classname="tests.test_rot_scoring.TestUsageTracker" name="test_track_and_count" time="0.003" /><testcase classname="tests.test_rot_scoring.TestUsageTracker" name="test_get_all_counts" time="0.002" /><testcase classname="tests.test_rot_scoring.TestUsageTracker" name="test_get_all_usage" time="0.002" /><testcase classname="tests.test_search_quality" name="test_search_quality_gate" time="0.002"><skipped type="pytest.skip" message="ranx not installed (pip install ranx to enable bench)">/var/tmp/power-framework-pr186/tests/test_search_quality.py:72: ranx not installed (pip install ranx to enable bench)</skipped></testcase><testcase classname="tests.test_searcher.TestTokenize" name="test_simple_words" time="0.001" /><testcase classname="tests.test_searcher.TestTokenize" name="test_unicode" time="0.001" /><testcase classname="tests.test_searcher.TestTokenize" name="test_punctuation_removed" time="0.001" /><testcase classname="tests.test_searcher.TestTokenize" name="test_lowercase" time="0.001" /><testcase classname="tests.test_searcher.TestSearchModeContract" name="test_default_mode_is_canonical" time="0.001" /><testcase classname="tests.test_searcher.TestSearchModeContract" name="test_normalize_mode_accepts_case_and_legacy_alias" time="0.001" /><testcase classname="tests.test_searcher.TestSearchModeContract" name="test_normalize_mode_keeps_explicit_legacy_compatible_mode" time="0.001" /><testcase classname="tests.test_searcher.TestSearchModeContract" name="test_normalize_mode_rejects_unknown_value" time="0.001" /><testcase classname="tests.test_searcher.TestSearchModeContract" name="test_dense_index_validation_fails_closed_when_missing" time="0.001" /><testcase classname="tests.test_searcher.TestSearchModeContract" name="test_semantic_search_validates_index_before_loading_model" time="0.001" /><testcase classname="tests.test_searcher.TestSearchModeContract" name="test_dense_index_manifest_schema_is_created" time="0.003" /><testcase classname="tests.test_searcher.TestSearchModeContract" name="test_dense_index_validation_requires_matching_manifest" time="0.003" /><testcase classname="tests.test_searcher.TestSearchModeContract" name="test_dense_index_validation_accepts_matching_manifest" time="0.003" /><testcase classname="tests.test_searcher.TestSearchModeContract" name="test_semantic_with_fallback_env_downgrades_to_fts" time="0.005" /><testcase classname="tests.test_searcher.TestSearchModeContract" name="test_semantic_without_index_and_without_fallback_fails_closed" time="0.001" /><testcase classname="tests.test_searcher.TestSearchModeContract" name="test_embedding_manifest_identity_uses_provider_and_model" time="0.001" /><testcase classname="tests.test_searcher.TestScoreNote" name="test_title_match_high_score" time="0.001" /><testcase classname="tests.test_searcher.TestScoreNote" name="test_title_weight_higher_than_body" time="0.001" /><testcase classname="tests.test_searcher.TestScoreNote" name="test_tag_match" time="0.001" /><testcase classname="tests.test_searcher.TestScoreNote" name="test_no_match_returns_zero" time="0.001" /><testcase classname="tests.test_searcher.TestMakeSnippet" name="test_basic_snippet" time="0.001" /><testcase classname="tests.test_searcher.TestMakeSnippet" name="test_returns_content_when_no_match" time="0.001" /><testcase classname="tests.test_searcher.TestMakeSnippet" name="test_snippet_trimmed" time="0.001" /><testcase classname="tests.test_searcher.TestFormatSearchResults" name="test_empty_results" time="0.001" /><testcase classname="tests.test_searcher.TestFormatSearchResults" name="test_single_result" time="0.001" /><testcase classname="tests.test_searcher.TestFormatSearchResults" name="test_untrusted_envelope_has_provenance_and_data_boundary" time="0.008" /><testcase classname="tests.test_searcher.TestFormatSearchResults" name="test_untrusted_envelope_cannot_take_provenance_from_note_content" time="0.008" /><testcase classname="tests.test_searcher.TestFormatSearchResults" name="test_untrusted_envelope_preserves_red_team_payloads_as_bounded_data" time="0.002" /><testcase classname="tests.test_searcher.TestSearchVault" name="test_search_on_empty_vault" time="0.001" /><testcase classname="tests.test_searcher.TestSearchVault" name="test_search_finds_match" time="0.008" /><testcase classname="tests.test_searcher.TestSearchVault" name="test_search_by_tag" time="0.007" /><testcase classname="tests.test_searcher.TestSearchVault" name="test_search_by_type_metadata" time="0.009" /><testcase classname="tests.test_searcher.TestSearchVault" name="test_search_nonexistent_query" time="0.007" /><testcase classname="tests.test_searcher.TestSearchVault" name="test_max_results" time="0.008" /><testcase classname="tests.test_searcher.TestSearchVault" name="test_results_ordered_by_score" time="0.008" /><testcase classname="tests.test_searcher.TestSearchVault" name="test_quoted_phrase_search" time="0.008" /><testcase classname="tests.test_searcher.TestSearchVault" name="test_search_vault_fallback_on_sqlite_error" time="0.007" /><testcase classname="tests.test_searcher.TestSearchVault" name="test_vector_mode" time="0.008" /><testcase classname="tests.test_searcher.TestSearchVault" name="test_vector_mode_empty_query" time="0.006" /><testcase classname="tests.test_searcher.TestSearchVault" name="test_vector_mode_no_match" time="0.007" /><testcase classname="tests.test_searcher.TestSearchVault" name="test_vector_mode_results_ordered" time="0.008" /><testcase classname="tests.test_searcher.TestSearchVault" name="test_hybrid_mode" time="0.009" /><testcase classname="tests.test_searcher.TestSearchVault" name="test_hybrid_mode_empty_query" time="0.006" /><testcase classname="tests.test_searcher.TestSearchVault" name="test_hybrid_mode_no_match" time="0.008" /><testcase classname="tests.test_searcher.TestSearchVault" name="test_hybrid_mode_results_ordered" time="0.009" /><testcase classname="tests.test_searcher.TestSearchVault" name="test_all_modes_return_same_content_type" time="0.013" /><testcase classname="tests.test_searcher.TestSearchVault" name="test_vector_mode_tag_sensitivity" time="0.007" /><testcase classname="tests.test_searcher.TestSearchVault" name="test_hybrid_mode_outperforms_vector_on_phrase" time="0.011" /><testcase classname="tests.test_searcher.TestSearchVault" name="test_format_search_results_with_mode" time="0.012" /><testcase classname="tests.test_searcher.TestTFVector" name="test_simple_tokens" time="0.001" /><testcase classname="tests.test_searcher.TestTFVector" name="test_repeated_tokens" time="0.001" /><testcase classname="tests.test_searcher.TestTFVector" name="test_empty_tokens" time="0.001" /><testcase classname="tests.test_searcher.TestTFVector" name="test_single_token" time="0.001" /><testcase classname="tests.test_searcher.TestCosineSimilarity" name="test_identical_vectors" time="0.001" /><testcase classname="tests.test_searcher.TestCosineSimilarity" name="test_orthogonal_vectors" time="0.001" /><testcase classname="tests.test_searcher.TestCosineSimilarity" name="test_partial_overlap" time="0.001" /><testcase classname="tests.test_searcher.TestCosineSimilarity" name="test_both_empty" time="0.001" /><testcase classname="tests.test_searcher.TestCosineSimilarity" name="test_one_empty" time="0.001" /><testcase classname="tests.test_searcher.TestVectorSearch" name="test_finds_relevant_note" time="0.007" /><testcase classname="tests.test_searcher.TestVectorSearch" name="test_empty_vault" time="0.003" /><testcase classname="tests.test_searcher.TestVectorSearch" name="test_max_results" time="0.007" /><testcase classname="tests.test_searcher.TestRRFMerge" name="test_identical_lists" time="0.001" /><testcase classname="tests.test_searcher.TestRRFMerge" name="test_different_lists" time="0.001" /><testcase classname="tests.test_searcher.TestRRFMerge" name="test_results_ordered_by_rrf_score" time="0.001" /><testcase classname="tests.test_searcher.TestRRFMerge" name="test_shared_document_gets_higher_score" time="0.001" /><testcase classname="tests.test_security.TestValidateVaultPath" name="test_valid_path" time="0.001" /><testcase classname="tests.test_security.TestValidateVaultPath" name="test_nonexistent_path" time="0.001" /><testcase classname="tests.test_security.TestValidateVaultPath" name="test_file_not_directory" time="0.001" /><testcase classname="tests.test_security.TestValidateVaultPath" name="test_allowed_root_within" time="0.001" /><testcase classname="tests.test_security.TestValidateVaultPath" name="test_allowed_root_escape" time="0.001" /><testcase classname="tests.test_security.TestResolveVaultPath" name="test_explicit_argument" time="0.001" /><testcase classname="tests.test_security.TestResolveVaultPath" name="test_env_variable" time="0.001" /><testcase classname="tests.test_security.TestResolveVaultPath" name="test_fallback_cwd" time="0.001" /><testcase classname="tests.test_security.TestResolveVaultPath" name="test_argument_takes_priority" time="0.001" /><testcase classname="tests.test_security.TestAtomicWrite" name="test_creates_file" time="0.001" /><testcase classname="tests.test_security.TestAtomicWrite" name="test_overwrites_existing" time="0.001" /><testcase classname="tests.test_security.TestAtomicWrite" name="test_creates_parent_dirs" time="0.001" /><testcase classname="tests.test_security.TestAtomicWrite" name="test_no_temp_file_left" time="0.002" /><testcase classname="tests.test_security.TestVaultRelativeWritePaths" name="test_allows_existing_nested_markdown_path" time="0.002" /><testcase classname="tests.test_security.TestVaultRelativeWritePaths" name="test_rejects_unsafe_untrusted_paths[../../outside.md]" time="0.002" /><testcase classname="tests.test_security.TestVaultRelativeWritePaths" name="test_rejects_unsafe_untrusted_paths[01_Projects/../outside.md]" time="0.002" /><testcase classname="tests.test_security.TestVaultRelativeWritePaths" name="test_rejects_unsafe_untrusted_paths[%2e%2e/outside.md]" time="0.002" /><testcase classname="tests.test_security.TestVaultRelativeWritePaths" name="test_rejects_unsafe_untrusted_paths[C:\\outside.md]" time="0.002" /><testcase classname="tests.test_security.TestVaultRelativeWritePaths" name="test_rejects_unsafe_untrusted_paths[01_Projects\\outside.md]" time="0.002" /><testcase classname="tests.test_security.TestVaultRelativeWritePaths" name="test_rejects_unsafe_untrusted_paths[01_Projects/outside.txt]" time="0.002" /><testcase classname="tests.test_security.TestVaultRelativeWritePaths" name="test_rejects_absolute_path" time="0.002" /><testcase classname="tests.test_security.TestVaultRelativeWritePaths" name="test_rejects_symlinked_parent_that_escapes_vault" time="0.002" /><testcase classname="tests.test_security.TestVaultRelativeWritePaths" name="test_resolve_path_rejects_escape[../outside.md]" time="0.002" /><testcase classname="tests.test_security.TestVaultRelativeWritePaths" name="test_resolve_path_rejects_escape[../../etc/passwd]" time="0.002" /><testcase classname="tests.test_security.TestVaultRelativeWritePaths" name="test_resolve_path_rejects_escape[%2e%2e/outside.md]" time="0.002" /><testcase classname="tests.test_security.TestVaultRelativeWritePaths" name="test_resolve_path_rejects_escape[/etc/passwd]" time="0.002" /><testcase classname="tests.test_security.TestVaultRelativeWritePaths" name="test_resolve_path_rejects_escape[C:\\Windows\\system.ini]" time="0.002" /><testcase classname="tests.test_security.TestVaultRelativeWritePaths" name="test_resolve_path_rejects_escape[..\\outside.md]" time="0.002" /><testcase classname="tests.test_security.TestVaultRelativeWritePaths" name="test_resolve_path_rejects_escape[01_Projects/../../outside.md]" time="0.002" /><testcase classname="tests.test_security.TestVaultRelativeWritePaths" name="test_resolve_path_rejects_escape[01_Projects/\x00note.md]" time="0.002" /><testcase classname="tests.test_security.TestVaultRelativeWritePaths" name="test_rejects_symlink_parent_escape" time="0.002" /><testcase classname="tests.test_security.TestVaultRelativeWritePaths" name="test_rejects_symlink_target_to_external_file" time="0.002" /><testcase classname="tests.test_security.TestVaultRelativeWritePaths" name="test_atomic_write_rejects_symlinked_note_without_changing_sentinel" time="0.002" /><testcase classname="tests.test_security.TestVaultRelativeWritePaths" name="test_atomic_write_creates_note_inside_vault" time="0.002" /><testcase classname="tests.test_security.TestCreateBackup" name="test_creates_backup" time="0.002" /><testcase classname="tests.test_security.TestCreateBackup" name="test_nonexistent_source" time="0.001" /><testcase classname="tests.test_security.TestCreateBackup" name="test_custom_backup_dir" time="0.001" /><testcase classname="tests.test_security.TestCleanNoteName" name="test_removes_extension" time="0.001" /><testcase classname="tests.test_security.TestCleanNoteName" name="test_strips_whitespace" time="0.001" /><testcase classname="tests.test_security.TestCleanNoteName" name="test_lowercase" time="0.001" /><testcase classname="tests.test_security.TestCleanNoteName" name="test_complex_name" time="0.001" /><testcase classname="tests.test_security.TestExclusionHelpers" name="test_excluded_dirs" time="0.001" /><testcase classname="tests.test_security.TestExclusionHelpers" name="test_excluded_orphan_files" time="0.001" /><testcase classname="tests.test_security" name="test_atomic_write_exception" time="0.002" /><testcase classname="tests.test_security" name="test_resolve_path_in_vault_extra_checks" time="0.002" /><testcase classname="tests.test_semantic_rot.TestDenseCosineSimilarity" name="test_identical_vectors" time="0.002" /><testcase classname="tests.test_semantic_rot.TestDenseCosineSimilarity" name="test_orthogonal_vectors" time="0.001" /><testcase classname="tests.test_semantic_rot.TestDenseCosineSimilarity" name="test_partial_similarity" time="0.001" /><testcase classname="tests.test_semantic_rot.TestDenseCosineSimilarity" name="test_zero_vector" time="0.001" /><testcase classname="tests.test_semantic_rot.TestContentDedupDetectorEmbedding" name="test_detects_similar_content" time="0.266" /><testcase classname="tests.test_semantic_rot.TestContentDedupDetectorEmbedding" name="test_different_content_not_deduped" time="0.220" /><testcase classname="tests.test_semantic_rot.TestContradictionDetectorMetadataFallback" name="test_conflicting_status" time="0.303" /><testcase classname="tests.test_semantic_rot.TestContradictionDetectorMetadataFallback" name="test_different_owners" time="0.305" /><testcase classname="tests.test_semantic_rot.TestContradictionDetectorMetadataFallback" name="test_opposite_expiry" time="0.303" /><testcase classname="tests.test_semantic_rot.TestContradictionDetectorMetadataFallback" name="test_conflicting_priorities" time="0.303" /><testcase classname="tests.test_semantic_rot.TestContradictionDetectorMetadataFallback" name="test_no_false_positive" time="0.300" /><testcase classname="tests.test_semantic_rot.TestContradictionDetectorLLM" name="test_llm_detects_contradiction" time="0.261" /><testcase classname="tests.test_semantic_rot.TestContradictionDetectorLLM" name="test_llm_no_contradiction" time="0.263" /><testcase classname="tests.test_semantic_rot.TestRotReportSemanticContradictions" name="test_report_contains_contradictions_section" time="0.464" /><testcase classname="tests.test_synthesize" name="test_synthesize_session_ingest_success" time="0.002" /><testcase classname="tests.test_synthesize" name="test_synthesize_session_ingest_exists_error" time="0.001" /><testcase classname="tests.test_synthesize" name="test_synthesize_session_ingest_adds_md_extension" time="0.002" /><testcase classname="tests.test_typed_relations.TestTypedRelation" name="test_default_relation" time="0.001" /><testcase classname="tests.test_typed_relations.TestTypedRelation" name="test_custom_relation" time="0.001" /><testcase classname="tests.test_typed_relations.TestTypedRelation" name="test_confidence_bounds" time="0.001" /><testcase classname="tests.test_typed_relations.TestTypedRelation" name="test_extra_fields_ignored" time="0.001" /><testcase classname="tests.test_typed_relations.TestBackwardCompatibility" name="test_string_list_auto_converts" time="0.001" /><testcase classname="tests.test_typed_relations.TestBackwardCompatibility" name="test_mixed_strings_and_typed" time="0.001" /><testcase classname="tests.test_typed_relations.TestBackwardCompatibility" name="test_empty_list" time="0.001" /><testcase classname="tests.test_typed_relations.TestBackwardCompatibility" name="test_string_whitespace_stripped" time="0.001" /><testcase classname="tests.test_typed_relations.TestBackwardCompatibility" name="test_backward_serialize_to_related_paths" time="0.001" /><testcase classname="tests.test_typed_relations.TestKnowledgeGraph" name="test_empty_graph" time="0.001" /><testcase classname="tests.test_typed_relations.TestKnowledgeGraph" name="test_single_note_no_relations" time="0.001" /><testcase classname="tests.test_typed_relations.TestKnowledgeGraph" name="test_direct_relations" time="0.001" /><testcase classname="tests.test_typed_relations.TestKnowledgeGraph" name="test_multi_hop_bfs" time="0.001" /><testcase classname="tests.test_typed_relations.TestKnowledgeGraph" name="test_typed_relations_in_graph" time="0.001" /><testcase classname="tests.test_typed_relations.TestKnowledgeGraph" name="test_bfs_from_unreachable_node" time="0.001" /><testcase classname="tests.test_typed_relations.TestKnowledgeGraph" name="test_from_notes_skips_none_metadata" time="0.001" /><testcase classname="tests.test_typed_relations.TestKnowledgeGraph" name="test_add_relation_deduplicates_nodes" time="0.001" /><testcase classname="tests.test_typed_relations.TestMermaidExport" name="test_empty_graph_returns_minimal_mermaid" time="0.001" /><testcase classname="tests.test_typed_relations.TestMermaidExport" name="test_basic_mermaid_output" time="0.001" /><testcase classname="tests.test_typed_relations.TestMermaidExport" name="test_mermaid_with_center_path" time="0.001" /><testcase classname="tests.test_typed_relations.TestMermaidExport" name="test_mermaid_with_custom_relation" time="0.001" /><testcase classname="tests.test_typed_relations.TestMermaidExport" name="test_mermaid_center_path_no_relations" time="0.001" /><testcase classname="tests.test_typed_relations.TestMermaidExport" name="test_mermaid_multiple_edges" time="0.001" /><testcase classname="tests.test_typed_relations.TestMermaidExport" name="test_suggest_related" time="0.003" /><testcase classname="tests.test_udcg" name="test_discounted_lexical_gain_monotonic_in_utility" time="0.001" /><testcase classname="tests.test_udcg" name="test_discounted_lexical_gain_position_discount" time="0.001" /><testcase classname="tests.test_udcg" name="test_discounted_lexical_gain_empty" time="0.001" /><testcase classname="tests.test_udcg" name="test_normalized_discounted_lexical_gain_perfect_ranking" time="0.001" /><testcase classname="tests.test_udcg" name="test_normalized_discounted_lexical_gain_reversed" time="0.001" /><testcase classname="tests.test_udcg" name="test_udcg_aliases_emit_deprecation_warning" time="0.001" /><testcase classname="tests.test_udcg" name="test_utilities_from_relevance_bounds" time="0.001" /><testcase classname="tests.test_udcg" name="test_frozen_gt_fixture_loads" time="0.001" /><testcase classname="tests.test_udcg_real.TestDcgAtK" name="test_empty_returns_zero" time="0.001" /><testcase classname="tests.test_udcg_real.TestDcgAtK" name="test_basic_dcg_value" time="0.001" /><testcase classname="tests.test_udcg_real.TestDcgAtK" name="test_multiple_ranks" time="0.001" /><testcase classname="tests.test_udcg_real.TestDcgAtK" name="test_dcg_penalizes_lower_rank" time="0.001" /><testcase classname="tests.test_udcg_real.TestDcgAtK" name="test_k_truncation" time="0.001" /><testcase classname="tests.test_udcg_real.TestNdcgAtK" name="test_empty_returns_zero" time="0.001" /><testcase classname="tests.test_udcg_real.TestNdcgAtK" name="test_perfect_ranking_is_one" time="0.001" /><testcase classname="tests.test_udcg_real.TestNdcgAtK" name="test_imperfect_ranking_less_than_one" time="0.001" /><testcase classname="tests.test_udcg_real.TestNdcgAtK" name="test_all_zero_relevance" time="0.001" /><testcase classname="tests.test_udcg_real.TestNdcgAtK" name="test_single_relevant_doc_at_top" time="0.001" /><testcase classname="tests.test_udcg_real.TestNdcgAtK" name="test_single_relevant_doc_at_rank_two" time="0.001" /><testcase classname="tests.test_udcg_real.TestComputeNdcg" name="test_perfect_run" time="0.001" /><testcase classname="tests.test_udcg_real.TestComputeNdcg" name="test_imperfect_run" time="0.001" /><testcase classname="tests.test_udcg_real.TestComputeNdcg" name="test_missing_doc_is_zero_relevance" time="0.001" /><testcase classname="tests.test_udcg_real.TestComputeNdcg" name="test_empty_qrels_returns_zero" time="0.001" /><testcase classname="tests.test_udcg_real.TestComputeNdcg" name="test_multiple_queries_averaged" time="0.001" /><testcase classname="tests.test_udcg_real.TestLoadSemanticGt" name="test_loads_semantic_gt_file" time="0.001" /><testcase classname="tests.test_udcg_real.TestLoadSemanticGt" name="test_all_queries_have_at_least_one_relevant" time="0.001" /><testcase classname="tests.test_udcg_real.TestLoadSemanticGt" name="test_includes_bilingual_queries" time="0.001" /><testcase classname="tests.test_udcg_real.TestComputeSemanticUdcg" name="test_uses_real_gt_and_returns_valid" time="0.001" /><testcase classname="tests.test_write_queue" name="test_jobs_execute_sequentially_and_complete" time="0.004" /><testcase classname="tests.test_write_queue" name="test_exceptions_propagate_to_caller" time="0.002" /><testcase classname="tests.test_write_queue" name="test_concurrent_writes_never_race_on_shared_resource" time="0.010" /><testcase classname="tests.test_write_queue" name="test_queue_is_process_wide_singleton" time="0.003" /></testsuite></testsuites>