{"meta": {"format": 3, "version": "7.15.2", "timestamp": "2026-07-26T14:55:34.081132", "branch_coverage": false, "show_contexts": false}, "files": {"src/power_framework/__init__.py": {"executed_lines": [9, 11, 12, 13, 19, 20, 21, 31, 32, 33, 34, 43], "summary": {"covered_lines": 12, "num_statements": 12, "percent_covered": 100.0, "percent_covered_display": "100", "missing_lines": 0, "excluded_lines": 0, "percent_statements_covered": 100.0, "percent_statements_covered_display": "100"}, "missing_lines": [], "excluded_lines": [], "functions": {"": {"executed_lines": [9, 11, 12, 13, 19, 20, 21, 31, 32, 33, 34, 43], "summary": {"covered_lines": 12, "num_statements": 12, "percent_covered": 100.0, "percent_covered_display": "100", "missing_lines": 0, "excluded_lines": 0, "percent_statements_covered": 100.0, "percent_statements_covered_display": "100"}, "missing_lines": [], "excluded_lines": [], "start_line": 1}}, "classes": {"": {"executed_lines": [9, 11, 12, 13, 19, 20, 21, 31, 32, 33, 34, 43], "summary": {"covered_lines": 12, "num_statements": 12, "percent_covered": 100.0, "percent_covered_display": "100", "missing_lines": 0, "excluded_lines": 0, "percent_statements_covered": 100.0, "percent_statements_covered_display": "100"}, "missing_lines": [], "excluded_lines": [], "start_line": 1}}}, "src/power_framework/core/__init__.py": {"executed_lines": [15, 17, 18, 19, 20, 21, 32, 42, 52, 64, 73, 74, 81, 82, 90, 100, 113, 115, 117], "summary": {"covered_lines": 19, "num_statements": 19, "percent_covered": 100.0, "percent_covered_display": "100", "missing_lines": 0, "excluded_lines": 0, "percent_statements_covered": 100.0, "percent_statements_covered_display": "100"}, "missing_lines": [], "excluded_lines": [], "functions": {"": {"executed_lines": [15, 17, 18, 19, 20, 21, 32, 42, 52, 64, 73, 74, 81, 82, 90, 100, 113, 115, 117], "summary": {"covered_lines": 19, "num_statements": 19, "percent_covered": 100.0, "percent_covered_display": "100", "missing_lines": 0, "excluded_lines": 0, "percent_statements_covered": 100.0, "percent_statements_covered_display": "100"}, "missing_lines": [], "excluded_lines": [], "start_line": 1}}, "classes": {"": {"executed_lines": [15, 17, 18, 19, 20, 21, 32, 42, 52, 64, 73, 74, 81, 82, 90, 100, 113, 115, 117], "summary": {"covered_lines": 19, "num_statements": 19, "percent_covered": 100.0, "percent_covered_display": "100", "missing_lines": 0, "excluded_lines": 0, "percent_statements_covered": 100.0, "percent_statements_covered_display": "100"}, "missing_lines": [], "excluded_lines": [], "start_line": 1}}}, "src/power_framework/core/chunker.py": {"executed_lines": [9, 11, 12, 14, 16, 19, 22, 28, 29, 30, 32, 52, 53, 55, 56, 57, 58, 60, 62, 63, 65, 67, 70, 71, 72, 74, 76, 77, 78, 79, 80, 81, 82, 83, 86, 87, 88, 90, 92, 94, 95, 97, 99, 100, 101, 102, 104, 105, 106, 107, 108, 109, 110, 113, 115, 116, 117, 118], "summary": {"covered_lines": 58, "num_statements": 58, "percent_covered": 100.0, "percent_covered_display": "100", "missing_lines": 0, "excluded_lines": 0, "percent_statements_covered": 100.0, "percent_statements_covered_display": "100"}, "missing_lines": [], "excluded_lines": [], "functions": {"SemanticChunker.__init__": {"executed_lines": [28, 29, 30], "summary": {"covered_lines": 3, "num_statements": 3, "percent_covered": 100.0, "percent_covered_display": "100", "missing_lines": 0, "excluded_lines": 0, "percent_statements_covered": 100.0, "percent_statements_covered_display": "100"}, "missing_lines": [], "excluded_lines": [], "start_line": 22}, "SemanticChunker.chunk": {"executed_lines": [52, 53, 55, 56, 57, 58, 60, 62, 63, 65], "summary": {"covered_lines": 10, "num_statements": 10, "percent_covered": 100.0, "percent_covered_display": "100", "missing_lines": 0, "excluded_lines": 0, "percent_statements_covered": 100.0, "percent_statements_covered_display": "100"}, "missing_lines": [], "excluded_lines": [], "start_line": 32}, "SemanticChunker._split_by_headers": {"executed_lines": [70, 71, 72, 74, 76, 77, 78, 79, 80, 81, 82, 83, 86, 87, 88, 90], "summary": {"covered_lines": 16, "num_statements": 16, "percent_covered": 100.0, "percent_covered_display": "100", "missing_lines": 0, "excluded_lines": 0, "percent_statements_covered": 100.0, "percent_statements_covered_display": "100"}, "missing_lines": [], "excluded_lines": [], "start_line": 67}, "SemanticChunker._split_by_paragraphs": {"executed_lines": [94, 95], "summary": {"covered_lines": 2, "num_statements": 2, "percent_covered": 100.0, "percent_covered_display": "100", "missing_lines": 0, "excluded_lines": 0, "percent_statements_covered": 100.0, "percent_statements_covered_display": "100"}, "missing_lines": [], "excluded_lines": [], "start_line": 92}, "SemanticChunker._split_fixed": {"executed_lines": [99, 100, 101, 102, 104, 105, 106, 107, 108, 109, 110], "summary": {"covered_lines": 11, "num_statements": 11, "percent_covered": 100.0, "percent_covered_display": "100", "missing_lines": 0, "excluded_lines": 0, "percent_statements_covered": 100.0, "percent_statements_covered_display": "100"}, "missing_lines": [], "excluded_lines": [], "start_line": 97}, "_strip_frontmatter": {"executed_lines": [115, 116, 117, 118], "summary": {"covered_lines": 4, "num_statements": 4, "percent_covered": 100.0, "percent_covered_display": "100", "missing_lines": 0, "excluded_lines": 0, "percent_statements_covered": 100.0, "percent_statements_covered_display": "100"}, "missing_lines": [], "excluded_lines": [], "start_line": 113}, "": {"executed_lines": [9, 11, 12, 14, 16, 19, 22, 32, 67, 92, 97, 113], "summary": {"covered_lines": 12, "num_statements": 12, "percent_covered": 100.0, "percent_covered_display": "100", "missing_lines": 0, "excluded_lines": 0, "percent_statements_covered": 100.0, "percent_statements_covered_display": "100"}, "missing_lines": [], "excluded_lines": [], "start_line": 1}}, "classes": {"SemanticChunker": {"executed_lines": [28, 29, 30, 52, 53, 55, 56, 57, 58, 60, 62, 63, 65, 70, 71, 72, 74, 76, 77, 78, 79, 80, 81, 82, 83, 86, 87, 88, 90, 94, 95, 99, 100, 101, 102, 104, 105, 106, 107, 108, 109, 110], "summary": {"covered_lines": 42, "num_statements": 42, "percent_covered": 100.0, "percent_covered_display": "100", "missing_lines": 0, "excluded_lines": 0, "percent_statements_covered": 100.0, "percent_statements_covered_display": "100"}, "missing_lines": [], "excluded_lines": [], "start_line": 19}, "": {"executed_lines": [9, 11, 12, 14, 16, 19, 22, 32, 67, 92, 97, 113, 115, 116, 117, 118], "summary": {"covered_lines": 16, "num_statements": 16, "percent_covered": 100.0, "percent_covered_display": "100", "missing_lines": 0, "excluded_lines": 0, "percent_statements_covered": 100.0, "percent_statements_covered_display": "100"}, "missing_lines": [], "excluded_lines": [], "start_line": 1}}}, "src/power_framework/core/cli.py": {"executed_lines": [11, 13, 14, 15, 16, 17, 18, 19, 20, 21, 23, 24, 25, 26, 27, 28, 35, 36, 37, 38, 43, 50, 51, 53, 55, 70, 72, 73, 80, 82, 84, 85, 88, 90, 91, 92, 93, 94, 96, 97, 98, 100, 101, 107, 108, 110, 111, 113, 114, 115, 116, 117, 118, 119, 120, 123, 125, 126, 127, 128, 130, 131, 132, 135, 137, 138, 139, 140, 142, 143, 144, 147, 149, 150, 151, 152, 154, 155, 156, 157, 158, 160, 168, 169, 171, 172, 174, 175, 176, 177, 179, 187, 188, 189, 190, 191, 194, 196, 197, 198, 199, 201, 202, 203, 205, 206, 207, 208, 211, 213, 214, 218, 220, 221, 228, 229, 240, 245, 247, 249, 250, 251, 252, 253, 254, 255, 256, 257, 258, 259, 260, 261, 262, 263, 270, 271, 272, 274, 275, 276, 277, 280, 281, 282, 284, 285, 286, 287, 288, 289, 292, 303, 314, 325, 353, 368, 370, 371, 375, 376, 377, 379, 380, 382, 387, 388, 389, 390, 392, 393, 398, 401, 403, 405, 406, 407, 408, 412, 413, 416, 448, 466, 491, 493, 497, 503, 510, 512, 513, 514, 516, 517, 518, 520, 523, 524, 526, 527, 528, 535, 536, 537, 538, 539, 540, 542, 543, 544, 547, 553, 564, 566, 569, 570, 576, 582, 584, 585, 586, 592, 594, 598, 599, 605, 611, 613, 614, 617, 619, 623, 624, 626, 630, 631, 637, 643, 645, 649, 650, 652, 656, 657, 662, 668, 674, 676, 680, 681, 682, 683, 684, 685, 690, 691, 694, 695, 697, 701, 702, 703, 704, 710, 712, 714, 715, 721, 722, 723, 725], "summary": {"covered_lines": 269, "num_statements": 381, "percent_covered": 70.60367454068242, "percent_covered_display": "71", "missing_lines": 112, "excluded_lines": 2, "percent_statements_covered": 70.60367454068242, "percent_statements_covered_display": "71"}, "missing_lines": [74, 75, 76, 77, 215, 216, 230, 231, 232, 235, 236, 294, 295, 296, 297, 298, 299, 300, 305, 306, 307, 308, 309, 310, 311, 316, 317, 318, 319, 320, 321, 322, 327, 328, 329, 330, 332, 333, 334, 336, 337, 338, 339, 341, 342, 343, 344, 346, 347, 348, 350, 355, 356, 357, 358, 360, 361, 363, 364, 365, 372, 373, 383, 384, 394, 395, 396, 410, 418, 419, 420, 421, 423, 424, 425, 426, 427, 428, 429, 431, 432, 433, 434, 435, 437, 438, 439, 440, 441, 442, 444, 445, 450, 451, 452, 453, 455, 456, 461, 462, 463, 468, 469, 470, 471, 472, 473, 484, 485, 486, 487, 488], "excluded_lines": [237, 238], "functions": {"_resolve_path": {"executed_lines": [72, 73], "summary": {"covered_lines": 2, "num_statements": 6, "percent_covered": 33.333333333333336, "percent_covered_display": "33", "missing_lines": 4, "excluded_lines": 0, "percent_statements_covered": 33.333333333333336, "percent_statements_covered_display": "33"}, "missing_lines": [74, 75, 76, 77], "excluded_lines": [], "start_line": 70}, "_cmd_init": {"executed_lines": [82, 84, 85, 88, 90, 91, 92, 93, 94, 96, 97, 98, 100, 101, 107, 108, 110, 111, 113, 114, 115, 116, 117, 118, 119, 120], "summary": {"covered_lines": 26, "num_statements": 26, "percent_covered": 100.0, "percent_covered_display": "100", "missing_lines": 0, "excluded_lines": 0, "percent_statements_covered": 100.0, "percent_statements_covered_display": "100"}, "missing_lines": [], "excluded_lines": [], "start_line": 80}, "_cmd_lint": {"executed_lines": [125, 126, 127, 128, 130, 131, 132], "summary": {"covered_lines": 7, "num_statements": 7, "percent_covered": 100.0, "percent_covered_display": "100", "missing_lines": 0, "excluded_lines": 0, "percent_statements_covered": 100.0, "percent_statements_covered_display": "100"}, "missing_lines": [], "excluded_lines": [], "start_line": 123}, "_cmd_index": {"executed_lines": [137, 138, 139, 140, 142, 143, 144], "summary": {"covered_lines": 7, "num_statements": 7, "percent_covered": 100.0, "percent_covered_display": "100", "missing_lines": 0, "excluded_lines": 0, "percent_statements_covered": 100.0, "percent_statements_covered_display": "100"}, "missing_lines": [], "excluded_lines": [], "start_line": 135}, "_cmd_ingest": {"executed_lines": [149, 150, 151, 152, 154, 155, 156, 157, 158, 160, 168, 169, 171, 172, 174, 175, 176, 177, 179, 187, 188, 189, 190, 191], "summary": {"covered_lines": 24, "num_statements": 24, "percent_covered": 100.0, "percent_covered_display": "100", "missing_lines": 0, "excluded_lines": 0, "percent_statements_covered": 100.0, "percent_statements_covered_display": "100"}, "missing_lines": [], "excluded_lines": [], "start_line": 147}, "_cmd_search": {"executed_lines": [196, 197, 198, 199, 201, 202, 203, 205, 206, 207, 208], "summary": {"covered_lines": 11, "num_statements": 11, "percent_covered": 100.0, "percent_covered_display": "100", "missing_lines": 0, "excluded_lines": 0, "percent_statements_covered": 100.0, "percent_statements_covered_display": "100"}, "missing_lines": [], "excluded_lines": [], "start_line": 194}, "_cmd_sync": {"executed_lines": [213, 214, 218, 220, 221, 228, 229, 240, 245, 247, 249, 250, 251, 252, 253, 254, 255, 256, 257, 258, 259, 260, 261, 262, 263, 270, 271, 272, 274, 275, 276, 277], "summary": {"covered_lines": 32, "num_statements": 39, "percent_covered": 82.05128205128206, "percent_covered_display": "82", "missing_lines": 7, "excluded_lines": 2, "percent_statements_covered": 82.05128205128206, "percent_statements_covered_display": "82"}, "missing_lines": [215, 216, 230, 231, 232, 235, 236], "excluded_lines": [237, 238], "start_line": 211}, "_open_conn": {"executed_lines": [281, 282, 284, 285, 286, 287, 288, 289], "summary": {"covered_lines": 8, "num_statements": 8, "percent_covered": 100.0, "percent_covered_display": "100", "missing_lines": 0, "excluded_lines": 0, "percent_statements_covered": 100.0, "percent_statements_covered_display": "100"}, "missing_lines": [], "excluded_lines": [], "start_line": 280}, "_cmd_rot": {"executed_lines": [], "summary": {"covered_lines": 0, "num_statements": 7, "percent_covered": 0.0, "percent_covered_display": "0", "missing_lines": 7, "excluded_lines": 0, "percent_statements_covered": 0.0, "percent_statements_covered_display": "0"}, "missing_lines": [294, 295, 296, 297, 298, 299, 300], "excluded_lines": [], "start_line": 292}, "_cmd_archive": {"executed_lines": [], "summary": {"covered_lines": 0, "num_statements": 7, "percent_covered": 0.0, "percent_covered_display": "0", "missing_lines": 7, "excluded_lines": 0, "percent_statements_covered": 0.0, "percent_statements_covered_display": "0"}, "missing_lines": [305, 306, 307, 308, 309, 310, 311], "excluded_lines": [], "start_line": 303}, "_cmd_status": {"executed_lines": [], "summary": {"covered_lines": 0, "num_statements": 7, "percent_covered": 0.0, "percent_covered_display": "0", "missing_lines": 7, "excluded_lines": 0, "percent_statements_covered": 0.0, "percent_statements_covered_display": "0"}, "missing_lines": [316, 317, 318, 319, 320, 321, 322], "excluded_lines": [], "start_line": 314}, "_cmd_cron": {"executed_lines": [], "summary": {"covered_lines": 0, "num_statements": 19, "percent_covered": 0.0, "percent_covered_display": "0", "missing_lines": 19, "excluded_lines": 0, "percent_statements_covered": 0.0, "percent_statements_covered_display": "0"}, "missing_lines": [327, 328, 329, 330, 332, 333, 334, 336, 337, 338, 339, 341, 342, 343, 344, 346, 347, 348, 350], "excluded_lines": [], "start_line": 325}, "_cmd_heal": {"executed_lines": [], "summary": {"covered_lines": 0, "num_statements": 9, "percent_covered": 0.0, "percent_covered_display": "0", "missing_lines": 9, "excluded_lines": 0, "percent_statements_covered": 0.0, "percent_statements_covered_display": "0"}, "missing_lines": [355, 356, 357, 358, 360, 361, 363, 364, 365], "excluded_lines": [], "start_line": 353}, "_cmd_rename": {"executed_lines": [370, 371, 375, 376, 377, 379, 380, 382, 387, 388, 389, 390, 392, 393, 398, 401, 403, 405, 406, 407, 408, 412, 413], "summary": {"covered_lines": 23, "num_statements": 31, "percent_covered": 74.19354838709677, "percent_covered_display": "74", "missing_lines": 8, "excluded_lines": 0, "percent_statements_covered": 74.19354838709677, "percent_statements_covered_display": "74"}, "missing_lines": [372, 373, 383, 384, 394, 395, 396, 410], "excluded_lines": [], "start_line": 368}, "_cmd_markdown_check": {"executed_lines": [], "summary": {"covered_lines": 0, "num_statements": 24, "percent_covered": 0.0, "percent_covered_display": "0", "missing_lines": 24, "excluded_lines": 0, "percent_statements_covered": 0.0, "percent_statements_covered_display": "0"}, "missing_lines": [418, 419, 420, 421, 423, 424, 425, 426, 427, 428, 429, 431, 432, 433, 434, 435, 437, 438, 439, 440, 441, 442, 444, 445], "excluded_lines": [], "start_line": 416}, "_cmd_suggest_related": {"executed_lines": [], "summary": {"covered_lines": 0, "num_statements": 9, "percent_covered": 0.0, "percent_covered_display": "0", "missing_lines": 9, "excluded_lines": 0, "percent_statements_covered": 0.0, "percent_statements_covered_display": "0"}, "missing_lines": [450, 451, 452, 453, 455, 456, 461, 462, 463], "excluded_lines": [], "start_line": 448}, "_cmd_synthesize": {"executed_lines": [], "summary": {"covered_lines": 0, "num_statements": 11, "percent_covered": 0.0, "percent_covered_display": "0", "missing_lines": 11, "excluded_lines": 0, "percent_statements_covered": 0.0, "percent_statements_covered_display": "0"}, "missing_lines": [468, 469, 470, 471, 472, 473, 484, 485, 486, 487, 488], "excluded_lines": [], "start_line": 466}, "main": {"executed_lines": [493, 497, 503, 510, 512, 513, 514, 516, 517, 518, 520, 523, 524, 526, 527, 528, 535, 536, 537, 538, 539, 540, 542, 543, 544, 547, 553, 564, 566, 569, 570, 576, 582, 584, 585, 586, 592, 594, 598, 599, 605, 611, 613, 614, 617, 619, 623, 624, 626, 630, 631, 637, 643, 645, 649, 650, 652, 656, 657, 662, 668, 674, 676, 680, 681, 682, 683, 684, 685, 690, 691, 694, 695, 697, 701, 702, 703, 704, 710, 712, 714, 715, 721, 722, 723, 725], "summary": {"covered_lines": 86, "num_statements": 86, "percent_covered": 100.0, "percent_covered_display": "100", "missing_lines": 0, "excluded_lines": 0, "percent_statements_covered": 100.0, "percent_statements_covered_display": "100"}, "missing_lines": [], "excluded_lines": [], "start_line": 491}, "": {"executed_lines": [11, 13, 14, 15, 16, 17, 18, 19, 20, 21, 23, 24, 25, 26, 27, 28, 35, 36, 37, 38, 43, 50, 51, 53, 55, 70, 80, 123, 135, 147, 194, 211, 280, 292, 303, 314, 325, 353, 368, 416, 448, 466, 491], "summary": {"covered_lines": 43, "num_statements": 43, "percent_covered": 100.0, "percent_covered_display": "100", "missing_lines": 0, "excluded_lines": 0, "percent_statements_covered": 100.0, "percent_statements_covered_display": "100"}, "missing_lines": [], "excluded_lines": [], "start_line": 1}}, "classes": {"": {"executed_lines": [11, 13, 14, 15, 16, 17, 18, 19, 20, 21, 23, 24, 25, 26, 27, 28, 35, 36, 37, 38, 43, 50, 51, 53, 55, 70, 72, 73, 80, 82, 84, 85, 88, 90, 91, 92, 93, 94, 96, 97, 98, 100, 101, 107, 108, 110, 111, 113, 114, 115, 116, 117, 118, 119, 120, 123, 125, 126, 127, 128, 130, 131, 132, 135, 137, 138, 139, 140, 142, 143, 144, 147, 149, 150, 151, 152, 154, 155, 156, 157, 158, 160, 168, 169, 171, 172, 174, 175, 176, 177, 179, 187, 188, 189, 190, 191, 194, 196, 197, 198, 199, 201, 202, 203, 205, 206, 207, 208, 211, 213, 214, 218, 220, 221, 228, 229, 240, 245, 247, 249, 250, 251, 252, 253, 254, 255, 256, 257, 258, 259, 260, 261, 262, 263, 270, 271, 272, 274, 275, 276, 277, 280, 281, 282, 284, 285, 286, 287, 288, 289, 292, 303, 314, 325, 353, 368, 370, 371, 375, 376, 377, 379, 380, 382, 387, 388, 389, 390, 392, 393, 398, 401, 403, 405, 406, 407, 408, 412, 413, 416, 448, 466, 491, 493, 497, 503, 510, 512, 513, 514, 516, 517, 518, 520, 523, 524, 526, 527, 528, 535, 536, 537, 538, 539, 540, 542, 543, 544, 547, 553, 564, 566, 569, 570, 576, 582, 584, 585, 586, 592, 594, 598, 599, 605, 611, 613, 614, 617, 619, 623, 624, 626, 630, 631, 637, 643, 645, 649, 650, 652, 656, 657, 662, 668, 674, 676, 680, 681, 682, 683, 684, 685, 690, 691, 694, 695, 697, 701, 702, 703, 704, 710, 712, 714, 715, 721, 722, 723, 725], "summary": {"covered_lines": 269, "num_statements": 381, "percent_covered": 70.60367454068242, "percent_covered_display": "71", "missing_lines": 112, "excluded_lines": 2, "percent_statements_covered": 70.60367454068242, "percent_statements_covered_display": "71"}, "missing_lines": [74, 75, 76, 77, 215, 216, 230, 231, 232, 235, 236, 294, 295, 296, 297, 298, 299, 300, 305, 306, 307, 308, 309, 310, 311, 316, 317, 318, 319, 320, 321, 322, 327, 328, 329, 330, 332, 333, 334, 336, 337, 338, 339, 341, 342, 343, 344, 346, 347, 348, 350, 355, 356, 357, 358, 360, 361, 363, 364, 365, 372, 373, 383, 384, 394, 395, 396, 410, 418, 419, 420, 421, 423, 424, 425, 426, 427, 428, 429, 431, 432, 433, 434, 435, 437, 438, 439, 440, 441, 442, 444, 445, 450, 451, 452, 453, 455, 456, 461, 462, 463, 468, 469, 470, 471, 472, 473, 484, 485, 486, 487, 488], "excluded_lines": [237, 238], "start_line": 1}}}, "src/power_framework/core/colbert_reranker.py": {"executed_lines": [15, 17, 18, 19, 21, 24, 27, 30, 33, 37, 39, 40, 41, 42, 43, 44, 45, 47, 48, 51, 53, 56, 63, 64, 65, 66, 67, 70, 71, 76, 77, 78, 93, 100, 101, 102, 103, 104, 105, 107, 108, 111, 112, 113], "summary": {"covered_lines": 44, "num_statements": 52, "percent_covered": 84.61538461538461, "percent_covered_display": "85", "missing_lines": 8, "excluded_lines": 2, "percent_statements_covered": 84.61538461538461, "percent_statements_covered_display": "85"}, "missing_lines": [79, 80, 81, 89, 90, 91, 109, 110], "excluded_lines": [82, 83], "functions": {"_available_ram_gb": {"executed_lines": [39, 40, 41, 42, 43, 44, 45, 47, 48], "summary": {"covered_lines": 9, "num_statements": 9, "percent_covered": 100.0, "percent_covered_display": "100", "missing_lines": 0, "excluded_lines": 0, "percent_statements_covered": 100.0, "percent_statements_covered_display": "100"}, "missing_lines": [], "excluded_lines": [], "start_line": 37}, "is_colbert_enabled": {"executed_lines": [53], "summary": {"covered_lines": 1, "num_statements": 1, "percent_covered": 100.0, "percent_covered_display": "100", "missing_lines": 0, "excluded_lines": 0, "percent_statements_covered": 100.0, "percent_statements_covered_display": "100"}, "missing_lines": [], "excluded_lines": [], "start_line": 51}, "ColBERTLateInteractionReranker.__init__": {"executed_lines": [64, 65, 66, 67, 70, 71], "summary": {"covered_lines": 6, "num_statements": 6, "percent_covered": 100.0, "percent_covered_display": "100", "missing_lines": 0, "excluded_lines": 0, "percent_statements_covered": 100.0, "percent_statements_covered_display": "100"}, "missing_lines": [], "excluded_lines": [], "start_line": 63}, "ColBERTLateInteractionReranker._lazy_init": {"executed_lines": [77, 78], "summary": {"covered_lines": 2, "num_statements": 8, "percent_covered": 25.0, "percent_covered_display": "25", "missing_lines": 6, "excluded_lines": 2, "percent_statements_covered": 25.0, "percent_statements_covered_display": "25"}, "missing_lines": [79, 80, 81, 89, 90, 91], "excluded_lines": [82, 83], "start_line": 76}, "ColBERTLateInteractionReranker.rerank": {"executed_lines": [100, 101, 102, 103, 104, 105, 107, 108, 111, 112, 113], "summary": {"covered_lines": 11, "num_statements": 13, "percent_covered": 84.61538461538461, "percent_covered_display": "85", "missing_lines": 2, "excluded_lines": 0, "percent_statements_covered": 84.61538461538461, "percent_statements_covered_display": "85"}, "missing_lines": [109, 110], "excluded_lines": [], "start_line": 93}, "": {"executed_lines": [15, 17, 18, 19, 21, 24, 27, 30, 33, 37, 51, 56, 63, 76, 93], "summary": {"covered_lines": 15, "num_statements": 15, "percent_covered": 100.0, "percent_covered_display": "100", "missing_lines": 0, "excluded_lines": 0, "percent_statements_covered": 100.0, "percent_statements_covered_display": "100"}, "missing_lines": [], "excluded_lines": [], "start_line": 1}}, "classes": {"ColBERTUnavailableError": {"executed_lines": [], "summary": {"covered_lines": 0, "num_statements": 0, "percent_covered": 100.0, "percent_covered_display": "100", "missing_lines": 0, "excluded_lines": 0, "percent_statements_covered": 100.0, "percent_statements_covered_display": "100"}, "missing_lines": [], "excluded_lines": [], "start_line": 33}, "ColBERTLateInteractionReranker": {"executed_lines": [64, 65, 66, 67, 70, 71, 77, 78, 100, 101, 102, 103, 104, 105, 107, 108, 111, 112, 113], "summary": {"covered_lines": 19, "num_statements": 27, "percent_covered": 70.37037037037037, "percent_covered_display": "70", "missing_lines": 8, "excluded_lines": 2, "percent_statements_covered": 70.37037037037037, "percent_statements_covered_display": "70"}, "missing_lines": [79, 80, 81, 89, 90, 91, 109, 110], "excluded_lines": [82, 83], "start_line": 56}, "": {"executed_lines": [15, 17, 18, 19, 21, 24, 27, 30, 33, 37, 39, 40, 41, 42, 43, 44, 45, 47, 48, 51, 53, 56, 63, 76, 93], "summary": {"covered_lines": 25, "num_statements": 25, "percent_covered": 100.0, "percent_covered_display": "100", "missing_lines": 0, "excluded_lines": 0, "percent_statements_covered": 100.0, "percent_statements_covered_display": "100"}, "missing_lines": [], "excluded_lines": [], "start_line": 1}}}, "src/power_framework/core/constants.py": {"executed_lines": [9, 11, 36, 49, 58, 60], "summary": {"covered_lines": 6, "num_statements": 6, "percent_covered": 100.0, "percent_covered_display": "100", "missing_lines": 0, "excluded_lines": 0, "percent_statements_covered": 100.0, "percent_statements_covered_display": "100"}, "missing_lines": [], "excluded_lines": [], "functions": {"": {"executed_lines": [9, 11, 36, 49, 58, 60], "summary": {"covered_lines": 6, "num_statements": 6, "percent_covered": 100.0, "percent_covered_display": "100", "missing_lines": 0, "excluded_lines": 0, "percent_statements_covered": 100.0, "percent_statements_covered_display": "100"}, "missing_lines": [], "excluded_lines": [], "start_line": 1}}, "classes": {"": {"executed_lines": [9, 11, 36, 49, 58, 60], "summary": {"covered_lines": 6, "num_statements": 6, "percent_covered": 100.0, "percent_covered_display": "100", "missing_lines": 0, "excluded_lines": 0, "percent_statements_covered": 100.0, "percent_statements_covered_display": "100"}, "missing_lines": [], "excluded_lines": [], "start_line": 1}}}, "src/power_framework/core/db.py": {"executed_lines": [3, 5, 6, 8, 11, 14, 15, 16, 17, 21, 22, 23, 26, 37, 43, 50, 59, 65, 74, 85, 86], "summary": {"covered_lines": 21, "num_statements": 21, "percent_covered": 100.0, "percent_covered_display": "100", "missing_lines": 0, "excluded_lines": 2, "percent_statements_covered": 100.0, "percent_statements_covered_display": "100"}, "missing_lines": [], "excluded_lines": [24, 25], "functions": {"_init_db": {"executed_lines": [14, 15, 16, 17, 21, 22, 23, 26, 37, 43, 50, 59, 65, 74, 85, 86], "summary": {"covered_lines": 16, "num_statements": 16, "percent_covered": 100.0, "percent_covered_display": "100", "missing_lines": 0, "excluded_lines": 2, "percent_statements_covered": 100.0, "percent_statements_covered_display": "100"}, "missing_lines": [], "excluded_lines": [24, 25], "start_line": 11}, "": {"executed_lines": [3, 5, 6, 8, 11], "summary": {"covered_lines": 5, "num_statements": 5, "percent_covered": 100.0, "percent_covered_display": "100", "missing_lines": 0, "excluded_lines": 0, "percent_statements_covered": 100.0, "percent_statements_covered_display": "100"}, "missing_lines": [], "excluded_lines": [], "start_line": 1}}, "classes": {"": {"executed_lines": [3, 5, 6, 8, 11, 14, 15, 16, 17, 21, 22, 23, 26, 37, 43, 50, 59, 65, 74, 85, 86], "summary": {"covered_lines": 21, "num_statements": 21, "percent_covered": 100.0, "percent_covered_display": "100", "missing_lines": 0, "excluded_lines": 2, "percent_statements_covered": 100.0, "percent_statements_covered_display": "100"}, "missing_lines": [], "excluded_lines": [24, 25], "start_line": 1}}}, "src/power_framework/core/embeddings.py": {"executed_lines": [1, 3, 4, 5, 6, 7, 14, 36, 41, 43, 45, 51, 58, 59, 63, 64, 65, 70, 73, 74, 77, 78, 79, 80, 81, 82, 83, 84, 87, 89, 90, 91, 99, 135, 136, 137, 145, 148, 149, 155, 156, 161, 182, 205, 221, 235, 250, 251, 252, 253, 255, 256, 269, 298, 308, 309, 310, 315, 316, 322, 329, 334, 335, 338, 371, 378, 395, 411, 413, 418, 419, 420, 421, 422, 423, 425, 426, 427, 429, 430, 431, 432, 434, 435, 436, 437, 438, 439, 441, 442, 443, 444, 451, 452, 454, 459, 460, 466, 472, 479, 480, 485, 492, 494, 495, 496, 497, 503, 504, 505, 509, 510, 514, 515, 517, 518, 519, 520, 521, 522, 523, 524, 527, 528, 529, 530, 532, 533, 534, 535, 536, 537, 539, 540, 541, 542, 543, 544, 545, 546, 547, 548, 551, 552, 553, 556, 559, 564, 566, 571, 572, 573, 574, 575, 576, 579, 580, 581, 592, 603, 608, 621, 630], "summary": {"covered_lines": 163, "num_statements": 353, "percent_covered": 46.17563739376771, "percent_covered_display": "46", "missing_lines": 190, "excluded_lines": 3, "percent_statements_covered": 46.17563739376771, "percent_statements_covered_display": "46"}, "missing_lines": [92, 93, 94, 95, 96, 100, 101, 102, 103, 104, 105, 106, 107, 108, 109, 110, 111, 112, 113, 115, 116, 117, 118, 119, 120, 121, 122, 123, 124, 125, 127, 128, 129, 130, 131, 132, 138, 139, 140, 141, 142, 150, 151, 152, 153, 157, 158, 159, 162, 163, 165, 166, 167, 172, 173, 174, 175, 177, 178, 179, 180, 183, 184, 185, 186, 187, 188, 189, 190, 197, 203, 206, 208, 209, 211, 212, 213, 214, 215, 216, 218, 219, 222, 224, 225, 231, 233, 236, 238, 239, 245, 247, 260, 261, 262, 263, 264, 265, 266, 267, 270, 271, 272, 274, 275, 276, 277, 278, 279, 280, 281, 282, 283, 284, 285, 286, 287, 291, 296, 299, 300, 305, 306, 330, 331, 332, 336, 339, 340, 341, 342, 343, 344, 348, 349, 350, 355, 360, 361, 362, 363, 368, 369, 372, 373, 374, 375, 376, 379, 380, 381, 382, 385, 386, 389, 440, 445, 446, 486, 487, 511, 512, 549, 550, 582, 583, 593, 594, 595, 596, 601, 604, 605, 606, 607, 609, 610, 611, 612, 613, 614, 615, 616, 617, 618, 620, 622, 623, 624, 625], "excluded_lines": [9, 10, 12], "functions": {"_env_flag": {"executed_lines": [74], "summary": {"covered_lines": 1, "num_statements": 1, "percent_covered": 100.0, "percent_covered_display": "100", "missing_lines": 0, "excluded_lines": 0, "percent_statements_covered": 100.0, "percent_statements_covered_display": "100"}, "missing_lines": [], "excluded_lines": [], "start_line": 73}, "_verify_sha256": {"executed_lines": [78, 79, 80, 81, 82, 83, 84], "summary": {"covered_lines": 7, "num_statements": 7, "percent_covered": 100.0, "percent_covered_display": "100", "missing_lines": 0, "excluded_lines": 0, "percent_statements_covered": 100.0, "percent_statements_covered_display": "100"}, "missing_lines": [], "excluded_lines": [], "start_line": 77}, "configured_embedding_identity": {"executed_lines": [89, 90, 91], "summary": {"covered_lines": 3, "num_statements": 8, "percent_covered": 37.5, "percent_covered_display": "38", "missing_lines": 5, "excluded_lines": 0, "percent_statements_covered": 37.5, "percent_statements_covered_display": "38"}, "missing_lines": [92, 93, 94, 95, 96], "excluded_lines": [], "start_line": 87}, "_get_embedding_dim": {"executed_lines": [], "summary": {"covered_lines": 0, "num_statements": 31, "percent_covered": 0.0, "percent_covered_display": "0", "missing_lines": 31, "excluded_lines": 0, "percent_statements_covered": 0.0, "percent_statements_covered_display": "0"}, "missing_lines": [100, 101, 102, 103, 104, 105, 106, 107, 108, 109, 110, 111, 112, 113, 115, 116, 117, 118, 119, 120, 121, 122, 123, 124, 125, 127, 128, 129, 130, 131, 132], "excluded_lines": [], "start_line": 99}, "_default_dim": {"executed_lines": [136, 137], "summary": {"covered_lines": 2, "num_statements": 7, "percent_covered": 28.571428571428573, "percent_covered_display": "29", "missing_lines": 5, "excluded_lines": 0, "percent_statements_covered": 28.571428571428573, "percent_statements_covered_display": "29"}, "missing_lines": [138, 139, 140, 141, 142], "excluded_lines": [], "start_line": 135}, "OllamaEmbeddingManager.__init__": {"executed_lines": [], "summary": {"covered_lines": 0, "num_statements": 4, "percent_covered": 0.0, "percent_covered_display": "0", "missing_lines": 4, "excluded_lines": 0, "percent_statements_covered": 0.0, "percent_statements_covered_display": "0"}, "missing_lines": [150, 151, 152, 153], "excluded_lines": [], "start_line": 149}, "OllamaEmbeddingManager.dimension": {"executed_lines": [], "summary": {"covered_lines": 0, "num_statements": 3, "percent_covered": 0.0, "percent_covered_display": "0", "missing_lines": 3, "excluded_lines": 0, "percent_statements_covered": 0.0, "percent_statements_covered_display": "0"}, "missing_lines": [157, 158, 159], "excluded_lines": [], "start_line": 156}, "OllamaEmbeddingManager._get_dim": {"executed_lines": [], "summary": {"covered_lines": 0, "num_statements": 13, "percent_covered": 0.0, "percent_covered_display": "0", "missing_lines": 13, "excluded_lines": 0, "percent_statements_covered": 0.0, "percent_statements_covered_display": "0"}, "missing_lines": [162, 163, 165, 166, 167, 172, 173, 174, 175, 177, 178, 179, 180], "excluded_lines": [], "start_line": 161}, "OllamaEmbeddingManager._safe_call": {"executed_lines": [], "summary": {"covered_lines": 0, "num_statements": 10, "percent_covered": 0.0, "percent_covered_display": "0", "missing_lines": 10, "excluded_lines": 0, "percent_statements_covered": 0.0, "percent_statements_covered_display": "0"}, "missing_lines": [183, 184, 185, 186, 187, 188, 189, 190, 197, 203], "excluded_lines": [], "start_line": 182}, "OllamaEmbeddingManager._do_attempt": {"executed_lines": [], "summary": {"covered_lines": 0, "num_statements": 10, "percent_covered": 0.0, "percent_covered_display": "0", "missing_lines": 10, "excluded_lines": 0, "percent_statements_covered": 0.0, "percent_statements_covered_display": "0"}, "missing_lines": [206, 208, 211, 212, 213, 214, 215, 216, 218, 219], "excluded_lines": [], "start_line": 205}, "OllamaEmbeddingManager._do_attempt._handler": {"executed_lines": [], "summary": {"covered_lines": 0, "num_statements": 1, "percent_covered": 0.0, "percent_covered_display": "0", "missing_lines": 1, "excluded_lines": 0, "percent_statements_covered": 0.0, "percent_statements_covered_display": "0"}, "missing_lines": [209], "excluded_lines": [], "start_line": 208}, "OllamaEmbeddingManager.embed": {"executed_lines": [], "summary": {"covered_lines": 0, "num_statements": 3, "percent_covered": 0.0, "percent_covered_display": "0", "missing_lines": 3, "excluded_lines": 0, "percent_statements_covered": 0.0, "percent_statements_covered_display": "0"}, "missing_lines": [222, 224, 233], "excluded_lines": [], "start_line": 221}, "OllamaEmbeddingManager.embed._do": {"executed_lines": [], "summary": {"covered_lines": 0, "num_statements": 2, "percent_covered": 0.0, "percent_covered_display": "0", "missing_lines": 2, "excluded_lines": 0, "percent_statements_covered": 0.0, "percent_statements_covered_display": "0"}, "missing_lines": [225, 231], "excluded_lines": [], "start_line": 224}, "OllamaEmbeddingManager.embed_batch": {"executed_lines": [], "summary": {"covered_lines": 0, "num_statements": 3, "percent_covered": 0.0, "percent_covered_display": "0", "missing_lines": 3, "excluded_lines": 0, "percent_statements_covered": 0.0, "percent_statements_covered_display": "0"}, "missing_lines": [236, 238, 247], "excluded_lines": [], "start_line": 235}, "OllamaEmbeddingManager.embed_batch._do": {"executed_lines": [], "summary": {"covered_lines": 0, "num_statements": 2, "percent_covered": 0.0, "percent_covered_display": "0", "missing_lines": 2, "excluded_lines": 0, "percent_statements_covered": 0.0, "percent_statements_covered_display": "0"}, "missing_lines": [239, 245], "excluded_lines": [], "start_line": 238}, "FastEmbedManager.__init__": {"executed_lines": [252, 253], "summary": {"covered_lines": 2, "num_statements": 2, "percent_covered": 100.0, "percent_covered_display": "100", "missing_lines": 0, "excluded_lines": 0, "percent_statements_covered": 100.0, "percent_statements_covered_display": "100"}, "missing_lines": [], "excluded_lines": [], "start_line": 251}, "FastEmbedManager.dimension": {"executed_lines": [], "summary": {"covered_lines": 0, "num_statements": 8, "percent_covered": 0.0, "percent_covered_display": "0", "missing_lines": 8, "excluded_lines": 0, "percent_statements_covered": 0.0, "percent_statements_covered_display": "0"}, "missing_lines": [260, 261, 262, 263, 264, 265, 266, 267], "excluded_lines": [], "start_line": 256}, "FastEmbedManager._lazy_init": {"executed_lines": [], "summary": {"covered_lines": 0, "num_statements": 19, "percent_covered": 0.0, "percent_covered_display": "0", "missing_lines": 19, "excluded_lines": 0, "percent_statements_covered": 0.0, "percent_statements_covered_display": "0"}, "missing_lines": [270, 271, 272, 274, 275, 276, 277, 278, 279, 280, 281, 282, 283, 284, 285, 286, 287, 291, 296], "excluded_lines": [], "start_line": 269}, "FastEmbedManager.embed": {"executed_lines": [], "summary": {"covered_lines": 0, "num_statements": 4, "percent_covered": 0.0, "percent_covered_display": "0", "missing_lines": 4, "excluded_lines": 0, "percent_statements_covered": 0.0, "percent_statements_covered_display": "0"}, "missing_lines": [299, 300, 305, 306], "excluded_lines": [], "start_line": 298}, "FastEmbedManager.embed_batch": {"executed_lines": [309, 310, 315, 316], "summary": {"covered_lines": 4, "num_statements": 4, "percent_covered": 100.0, "percent_covered_display": "100", "missing_lines": 0, "excluded_lines": 0, "percent_statements_covered": 100.0, "percent_statements_covered_display": "100"}, "missing_lines": [], "excluded_lines": [], "start_line": 308}, "Qwen3EmbeddingManager.__init__": {"executed_lines": [], "summary": {"covered_lines": 0, "num_statements": 3, "percent_covered": 0.0, "percent_covered_display": "0", "missing_lines": 3, "excluded_lines": 0, "percent_statements_covered": 0.0, "percent_statements_covered_display": "0"}, "missing_lines": [330, 331, 332], "excluded_lines": [], "start_line": 329}, "Qwen3EmbeddingManager.dimension": {"executed_lines": [], "summary": {"covered_lines": 0, "num_statements": 1, "percent_covered": 0.0, "percent_covered_display": "0", "missing_lines": 1, "excluded_lines": 0, "percent_statements_covered": 0.0, "percent_statements_covered_display": "0"}, "missing_lines": [336], "excluded_lines": [], "start_line": 335}, "Qwen3EmbeddingManager._lazy_init": {"executed_lines": [], "summary": {"covered_lines": 0, "num_statements": 16, "percent_covered": 0.0, "percent_covered_display": "0", "missing_lines": 16, "excluded_lines": 0, "percent_statements_covered": 0.0, "percent_statements_covered_display": "0"}, "missing_lines": [339, 340, 341, 342, 343, 344, 348, 349, 350, 355, 360, 361, 362, 363, 368, 369], "excluded_lines": [], "start_line": 338}, "Qwen3EmbeddingManager.embed": {"executed_lines": [], "summary": {"covered_lines": 0, "num_statements": 5, "percent_covered": 0.0, "percent_covered_display": "0", "missing_lines": 5, "excluded_lines": 0, "percent_statements_covered": 0.0, "percent_statements_covered_display": "0"}, "missing_lines": [372, 373, 374, 375, 376], "excluded_lines": [], "start_line": 371}, "Qwen3EmbeddingManager.embed_batch": {"executed_lines": [], "summary": {"covered_lines": 0, "num_statements": 7, "percent_covered": 0.0, "percent_covered_display": "0", "missing_lines": 7, "excluded_lines": 0, "percent_statements_covered": 0.0, "percent_statements_covered_display": "0"}, "missing_lines": [379, 380, 381, 382, 385, 386, 389], "excluded_lines": [], "start_line": 378}, "BGEM3OnnxManager.__init__": {"executed_lines": [418, 419, 420, 421, 422, 423], "summary": {"covered_lines": 6, "num_statements": 6, "percent_covered": 100.0, "percent_covered_display": "100", "missing_lines": 0, "excluded_lines": 0, "percent_statements_covered": 100.0, "percent_statements_covered_display": "100"}, "missing_lines": [], "excluded_lines": [], "start_line": 413}, "BGEM3OnnxManager.dimension": {"executed_lines": [427], "summary": {"covered_lines": 1, "num_statements": 1, "percent_covered": 100.0, "percent_covered_display": "100", "missing_lines": 0, "excluded_lines": 0, "percent_statements_covered": 100.0, "percent_statements_covered_display": "100"}, "missing_lines": [], "excluded_lines": [], "start_line": 426}, "BGEM3OnnxManager._lazy_init": {"executed_lines": [430, 431, 432, 434, 435, 436, 437, 438, 439, 441, 442, 443, 444, 451, 452, 454, 459, 460, 466, 472, 479, 480, 485, 492, 494, 495, 496, 497, 503, 504, 505, 509, 510], "summary": {"covered_lines": 33, "num_statements": 40, "percent_covered": 82.5, "percent_covered_display": "82", "missing_lines": 7, "excluded_lines": 0, "percent_statements_covered": 82.5, "percent_statements_covered_display": "82"}, "missing_lines": [440, 445, 446, 486, 487, 511, 512], "excluded_lines": [], "start_line": 429}, "BGEM3OnnxManager._embed_raw": {"executed_lines": [515, 517, 518, 519, 520, 521, 522, 523, 524, 527, 528, 529, 530], "summary": {"covered_lines": 13, "num_statements": 13, "percent_covered": 100.0, "percent_covered_display": "100", "missing_lines": 0, "excluded_lines": 0, "percent_statements_covered": 100.0, "percent_statements_covered_display": "100"}, "missing_lines": [], "excluded_lines": [], "start_line": 514}, "BGEM3OnnxManager.embed": {"executed_lines": [533, 534, 535, 536, 537], "summary": {"covered_lines": 5, "num_statements": 5, "percent_covered": 100.0, "percent_covered_display": "100", "missing_lines": 0, "excluded_lines": 0, "percent_statements_covered": 100.0, "percent_statements_covered_display": "100"}, "missing_lines": [], "excluded_lines": [], "start_line": 532}, "BGEM3OnnxManager.embed_batch": {"executed_lines": [540, 541, 542, 543, 544, 545, 546, 547, 548, 551, 552, 553], "summary": {"covered_lines": 12, "num_statements": 14, "percent_covered": 85.71428571428571, "percent_covered_display": "86", "missing_lines": 2, "excluded_lines": 0, "percent_statements_covered": 85.71428571428571, "percent_statements_covered_display": "86"}, "missing_lines": [549, 550], "excluded_lines": [], "start_line": 539}, "get_embedding_manager": {"executed_lines": [564, 566, 571, 572, 573, 574, 575, 576, 579, 580, 581, 592, 603, 608, 621, 630], "summary": {"covered_lines": 16, "num_statements": 42, "percent_covered": 38.095238095238095, "percent_covered_display": "38", "missing_lines": 26, "excluded_lines": 0, "percent_statements_covered": 38.095238095238095, "percent_statements_covered_display": "38"}, "missing_lines": [582, 583, 593, 594, 595, 596, 601, 604, 605, 606, 607, 609, 610, 611, 612, 613, 614, 615, 616, 617, 618, 620, 622, 623, 624, 625], "excluded_lines": [], "start_line": 559}, "": {"executed_lines": [1, 3, 4, 5, 6, 7, 14, 36, 41, 43, 45, 51, 58, 59, 63, 64, 65, 70, 73, 77, 87, 99, 135, 145, 148, 149, 155, 156, 161, 182, 205, 221, 235, 250, 251, 255, 256, 269, 298, 308, 322, 329, 334, 335, 338, 371, 378, 395, 411, 413, 425, 426, 429, 514, 532, 539, 556, 559], "summary": {"covered_lines": 58, "num_statements": 58, "percent_covered": 100.0, "percent_covered_display": "100", "missing_lines": 0, "excluded_lines": 3, "percent_statements_covered": 100.0, "percent_statements_covered_display": "100"}, "missing_lines": [], "excluded_lines": [9, 10, 12], "start_line": 1}}, "classes": {"OllamaEmbeddingManager": {"executed_lines": [], "summary": {"covered_lines": 0, "num_statements": 51, "percent_covered": 0.0, "percent_covered_display": "0", "missing_lines": 51, "excluded_lines": 0, "percent_statements_covered": 0.0, "percent_statements_covered_display": "0"}, "missing_lines": [150, 151, 152, 153, 157, 158, 159, 162, 163, 165, 166, 167, 172, 173, 174, 175, 177, 178, 179, 180, 183, 184, 185, 186, 187, 188, 189, 190, 197, 203, 206, 208, 209, 211, 212, 213, 214, 215, 216, 218, 219, 222, 224, 225, 231, 233, 236, 238, 239, 245, 247], "excluded_lines": [], "start_line": 148}, "FastEmbedManager": {"executed_lines": [252, 253, 309, 310, 315, 316], "summary": {"covered_lines": 6, "num_statements": 37, "percent_covered": 16.216216216216218, "percent_covered_display": "16", "missing_lines": 31, "excluded_lines": 0, "percent_statements_covered": 16.216216216216218, "percent_statements_covered_display": "16"}, "missing_lines": [260, 261, 262, 263, 264, 265, 266, 267, 270, 271, 272, 274, 275, 276, 277, 278, 279, 280, 281, 282, 283, 284, 285, 286, 287, 291, 296, 299, 300, 305, 306], "excluded_lines": [], "start_line": 250}, "Qwen3EmbeddingManager": {"executed_lines": [], "summary": {"covered_lines": 0, "num_statements": 32, "percent_covered": 0.0, "percent_covered_display": "0", "missing_lines": 32, "excluded_lines": 0, "percent_statements_covered": 0.0, "percent_statements_covered_display": "0"}, "missing_lines": [330, 331, 332, 336, 339, 340, 341, 342, 343, 344, 348, 349, 350, 355, 360, 361, 362, 363, 368, 369, 372, 373, 374, 375, 376, 379, 380, 381, 382, 385, 386, 389], "excluded_lines": [], "start_line": 322}, "BGEM3OnnxManager": {"executed_lines": [418, 419, 420, 421, 422, 423, 427, 430, 431, 432, 434, 435, 436, 437, 438, 439, 441, 442, 443, 444, 451, 452, 454, 459, 460, 466, 472, 479, 480, 485, 492, 494, 495, 496, 497, 503, 504, 505, 509, 510, 515, 517, 518, 519, 520, 521, 522, 523, 524, 527, 528, 529, 530, 533, 534, 535, 536, 537, 540, 541, 542, 543, 544, 545, 546, 547, 548, 551, 552, 553], "summary": {"covered_lines": 70, "num_statements": 79, "percent_covered": 88.60759493670886, "percent_covered_display": "89", "missing_lines": 9, "excluded_lines": 0, "percent_statements_covered": 88.60759493670886, "percent_statements_covered_display": "89"}, "missing_lines": [440, 445, 446, 486, 487, 511, 512, 549, 550], "excluded_lines": [], "start_line": 395}, "": {"executed_lines": [1, 3, 4, 5, 6, 7, 14, 36, 41, 43, 45, 51, 58, 59, 63, 64, 65, 70, 73, 74, 77, 78, 79, 80, 81, 82, 83, 84, 87, 89, 90, 91, 99, 135, 136, 137, 145, 148, 149, 155, 156, 161, 182, 205, 221, 235, 250, 251, 255, 256, 269, 298, 308, 322, 329, 334, 335, 338, 371, 378, 395, 411, 413, 425, 426, 429, 514, 532, 539, 556, 559, 564, 566, 571, 572, 573, 574, 575, 576, 579, 580, 581, 592, 603, 608, 621, 630], "summary": {"covered_lines": 87, "num_statements": 154, "percent_covered": 56.493506493506494, "percent_covered_display": "56", "missing_lines": 67, "excluded_lines": 3, "percent_statements_covered": 56.493506493506494, "percent_statements_covered_display": "56"}, "missing_lines": [92, 93, 94, 95, 96, 100, 101, 102, 103, 104, 105, 106, 107, 108, 109, 110, 111, 112, 113, 115, 116, 117, 118, 119, 120, 121, 122, 123, 124, 125, 127, 128, 129, 130, 131, 132, 138, 139, 140, 141, 142, 582, 583, 593, 594, 595, 596, 601, 604, 605, 606, 607, 609, 610, 611, 612, 613, 614, 615, 616, 617, 618, 620, 622, 623, 624, 625], "excluded_lines": [9, 10, 12], "start_line": 1}}}, "src/power_framework/core/graph_extraction.py": {"executed_lines": [16, 18, 19, 20, 21, 22, 27, 30, 31, 34, 35, 36, 37, 42, 66, 67, 70, 72, 73, 74, 75, 78, 79, 81, 84, 91, 94, 95, 96, 97, 98, 99, 100, 101, 102, 103, 105, 106, 107, 109, 110, 111, 114, 115, 116, 117, 119, 122, 124, 126, 128, 129, 130, 131, 136, 137, 138, 141, 147, 148, 150, 151, 152, 153, 154, 155, 156, 157, 158, 159, 161], "summary": {"covered_lines": 71, "num_statements": 77, "percent_covered": 92.20779220779221, "percent_covered_display": "92", "missing_lines": 6, "excluded_lines": 2, "percent_statements_covered": 92.20779220779221, "percent_statements_covered_display": "92"}, "missing_lines": [76, 80, 92, 108, 112, 125], "excluded_lines": [24, 25], "functions": {"_clean_phrase": {"executed_lines": [72, 73, 74, 75, 78, 79, 81], "summary": {"covered_lines": 7, "num_statements": 9, "percent_covered": 77.77777777777777, "percent_covered_display": "78", "missing_lines": 2, "excluded_lines": 0, "percent_statements_covered": 77.77777777777777, "percent_statements_covered_display": "78"}, "missing_lines": [76, 80], "excluded_lines": [], "start_line": 70}, "extract_triplets": {"executed_lines": [91, 94, 95, 96, 97, 98, 99, 100, 101, 102, 103, 105, 106, 107, 109, 110, 111, 114, 115, 116, 117, 119], "summary": {"covered_lines": 22, "num_statements": 25, "percent_covered": 88.0, "percent_covered_display": "88", "missing_lines": 3, "excluded_lines": 0, "percent_statements_covered": 88.0, "percent_statements_covered_display": "88"}, "missing_lines": [92, 108, 112], "excluded_lines": [], "start_line": 84}, "store_triplets": {"executed_lines": [124, 126, 128, 129, 130, 131, 136, 137, 138], "summary": {"covered_lines": 9, "num_statements": 10, "percent_covered": 90.0, "percent_covered_display": "90", "missing_lines": 1, "excluded_lines": 0, "percent_statements_covered": 90.0, "percent_statements_covered_display": "90"}, "missing_lines": [125], "excluded_lines": [], "start_line": 122}, "store_note_triplets": {"executed_lines": [147, 148, 150, 151, 152, 153, 154, 155, 156, 157, 158, 159, 161], "summary": {"covered_lines": 13, "num_statements": 13, "percent_covered": 100.0, "percent_covered_display": "100", "missing_lines": 0, "excluded_lines": 0, "percent_statements_covered": 100.0, "percent_statements_covered_display": "100"}, "missing_lines": [], "excluded_lines": [], "start_line": 141}, "": {"executed_lines": [16, 18, 19, 20, 21, 22, 27, 30, 31, 34, 35, 36, 37, 42, 66, 67, 70, 84, 122, 141], "summary": {"covered_lines": 20, "num_statements": 20, "percent_covered": 100.0, "percent_covered_display": "100", "missing_lines": 0, "excluded_lines": 2, "percent_statements_covered": 100.0, "percent_statements_covered_display": "100"}, "missing_lines": [], "excluded_lines": [24, 25], "start_line": 1}}, "classes": {"Triplet": {"executed_lines": [], "summary": {"covered_lines": 0, "num_statements": 0, "percent_covered": 100.0, "percent_covered_display": "100", "missing_lines": 0, "excluded_lines": 0, "percent_statements_covered": 100.0, "percent_statements_covered_display": "100"}, "missing_lines": [], "excluded_lines": [], "start_line": 31}, "": {"executed_lines": [16, 18, 19, 20, 21, 22, 27, 30, 31, 34, 35, 36, 37, 42, 66, 67, 70, 72, 73, 74, 75, 78, 79, 81, 84, 91, 94, 95, 96, 97, 98, 99, 100, 101, 102, 103, 105, 106, 107, 109, 110, 111, 114, 115, 116, 117, 119, 122, 124, 126, 128, 129, 130, 131, 136, 137, 138, 141, 147, 148, 150, 151, 152, 153, 154, 155, 156, 157, 158, 159, 161], "summary": {"covered_lines": 71, "num_statements": 77, "percent_covered": 92.20779220779221, "percent_covered_display": "92", "missing_lines": 6, "excluded_lines": 2, "percent_statements_covered": 92.20779220779221, "percent_statements_covered_display": "92"}, "missing_lines": [76, 80, 92, 108, 112, 125], "excluded_lines": [24, 25], "start_line": 1}}}, "src/power_framework/core/healer.py": {"executed_lines": [12, 14, 15, 16, 17, 18, 20, 21, 22, 27, 33, 35, 37, 46, 59, 61, 62, 63, 64, 65, 68, 70, 71, 74, 75, 78, 80, 81, 82, 83, 84, 85, 86, 87, 93, 94, 95, 96, 99, 101, 104, 112, 113, 114, 115, 116, 117, 118, 119, 120, 121, 122, 123, 126, 127, 132, 133, 134, 135, 136, 139, 150, 151, 152, 153, 155, 156, 158, 160, 161, 162, 163, 166, 167, 168, 169, 170, 171, 172, 179, 180, 181, 182, 183, 186, 187, 188, 189, 190, 195, 196, 197, 198, 199, 202, 204, 205, 210, 218, 219, 222, 223, 227, 228, 230, 232, 233, 241, 243, 246, 255, 256, 258, 259, 260, 261, 262, 264, 267, 268, 272, 275, 276, 279, 282, 283, 284, 285, 287, 288, 289, 290, 291, 292, 294, 301, 302, 303, 304, 309, 312, 316, 317, 319, 320, 322, 323, 324, 325, 326, 328, 329, 331, 332, 337, 338, 341, 342, 345, 346, 349, 350, 351, 352, 353, 354, 355, 356, 357, 358, 359, 360, 361, 362, 364, 365, 366, 368, 369, 370, 371, 372, 373, 374, 379, 380, 388, 389, 390, 391, 393], "summary": {"covered_lines": 191, "num_statements": 232, "percent_covered": 82.32758620689656, "percent_covered_display": "82", "missing_lines": 41, "excluded_lines": 2, "percent_statements_covered": 82.32758620689656, "percent_statements_covered_display": "82"}, "missing_lines": [72, 73, 124, 128, 129, 131, 173, 174, 175, 176, 177, 206, 209, 211, 212, 213, 214, 215, 216, 224, 225, 263, 265, 269, 270, 271, 273, 277, 280, 306, 307, 327, 333, 334, 335, 339, 343, 347, 375, 376, 377], "excluded_lines": [24, 25], "functions": {"_infer_title_from_filename": {"executed_lines": [61, 62, 63, 64, 65], "summary": {"covered_lines": 5, "num_statements": 5, "percent_covered": 100.0, "percent_covered_display": "100", "missing_lines": 0, "excluded_lines": 0, "percent_statements_covered": 100.0, "percent_statements_covered_display": "100"}, "missing_lines": [], "excluded_lines": [], "start_line": 59}, "_infer_type_from_folder": {"executed_lines": [70, 71, 74, 75], "summary": {"covered_lines": 4, "num_statements": 6, "percent_covered": 66.66666666666667, "percent_covered_display": "67", "missing_lines": 2, "excluded_lines": 0, "percent_statements_covered": 66.66666666666667, "percent_statements_covered_display": "67"}, "missing_lines": [72, 73], "excluded_lines": [], "start_line": 68}, "_extract_first_paragraph": {"executed_lines": [80, 81, 82, 83, 84, 85, 86, 87, 93, 94, 95, 96], "summary": {"covered_lines": 12, "num_statements": 12, "percent_covered": 100.0, "percent_covered_display": "100", "missing_lines": 0, "excluded_lines": 0, "percent_statements_covered": 100.0, "percent_statements_covered_display": "100"}, "missing_lines": [], "excluded_lines": [], "start_line": 78}, "_escape_yaml": {"executed_lines": [101], "summary": {"covered_lines": 1, "num_statements": 1, "percent_covered": 100.0, "percent_covered_display": "100", "missing_lines": 0, "excluded_lines": 0, "percent_statements_covered": 100.0, "percent_statements_covered_display": "100"}, "missing_lines": [], "excluded_lines": [], "start_line": 99}, "_format_frontmatter": {"executed_lines": [112, 113, 114, 115, 116, 117, 118, 119, 120, 121, 122, 123, 126, 127, 132, 133, 134, 135, 136], "summary": {"covered_lines": 19, "num_statements": 23, "percent_covered": 82.6086956521739, "percent_covered_display": "83", "missing_lines": 4, "excluded_lines": 0, "percent_statements_covered": 82.6086956521739, "percent_statements_covered_display": "83"}, "missing_lines": [124, 128, 129, 131], "excluded_lines": [], "start_line": 104}, "heal_frontmatter": {"executed_lines": [150, 151, 152, 153, 155, 156, 158, 160, 161, 162, 163, 166, 167, 168, 169, 170, 171, 172, 179, 180, 181, 182, 183, 186, 187, 188, 189, 190, 195, 196, 197, 198, 199, 202, 204, 205, 210, 218, 219, 222, 223, 227, 228, 230, 232, 233, 241, 243], "summary": {"covered_lines": 48, "num_statements": 63, "percent_covered": 76.19047619047619, "percent_covered_display": "76", "missing_lines": 15, "excluded_lines": 0, "percent_statements_covered": 76.19047619047619, "percent_statements_covered_display": "76"}, "missing_lines": [173, 174, 175, 176, 177, 206, 209, 211, 212, 213, 214, 215, 216, 224, 225], "excluded_lines": [], "start_line": 139}, "heal_vault": {"executed_lines": [255, 256, 258, 259, 260, 261, 262, 264, 267, 268, 272, 275, 276, 279, 282, 283, 284, 285, 287, 288, 289, 290, 291, 292, 294, 301, 302, 303, 304, 309], "summary": {"covered_lines": 30, "num_statements": 40, "percent_covered": 75.0, "percent_covered_display": "75", "missing_lines": 10, "excluded_lines": 0, "percent_statements_covered": 75.0, "percent_statements_covered_display": "75"}, "missing_lines": [263, 265, 269, 270, 271, 273, 277, 280, 306, 307], "excluded_lines": [], "start_line": 246}, "propagate_rename": {"executed_lines": [316, 317, 319, 320, 322, 323, 324, 325, 326, 328, 329, 331, 332, 337, 338, 341, 342, 345, 346, 349, 350, 351, 352, 353, 354, 355, 356, 357, 358, 359, 360, 361, 362, 364, 365, 366, 368, 369, 370, 371, 372, 373, 374, 379, 380, 388, 389, 390, 391, 393], "summary": {"covered_lines": 50, "num_statements": 60, "percent_covered": 83.33333333333333, "percent_covered_display": "83", "missing_lines": 10, "excluded_lines": 0, "percent_statements_covered": 83.33333333333333, "percent_statements_covered_display": "83"}, "missing_lines": [327, 333, 334, 335, 339, 343, 347, 375, 376, 377], "excluded_lines": [], "start_line": 312}, "": {"executed_lines": [12, 14, 15, 16, 17, 18, 20, 21, 22, 27, 33, 35, 37, 46, 59, 68, 78, 99, 104, 139, 246, 312], "summary": {"covered_lines": 22, "num_statements": 22, "percent_covered": 100.0, "percent_covered_display": "100", "missing_lines": 0, "excluded_lines": 2, "percent_statements_covered": 100.0, "percent_statements_covered_display": "100"}, "missing_lines": [], "excluded_lines": [24, 25], "start_line": 1}}, "classes": {"": {"executed_lines": [12, 14, 15, 16, 17, 18, 20, 21, 22, 27, 33, 35, 37, 46, 59, 61, 62, 63, 64, 65, 68, 70, 71, 74, 75, 78, 80, 81, 82, 83, 84, 85, 86, 87, 93, 94, 95, 96, 99, 101, 104, 112, 113, 114, 115, 116, 117, 118, 119, 120, 121, 122, 123, 126, 127, 132, 133, 134, 135, 136, 139, 150, 151, 152, 153, 155, 156, 158, 160, 161, 162, 163, 166, 167, 168, 169, 170, 171, 172, 179, 180, 181, 182, 183, 186, 187, 188, 189, 190, 195, 196, 197, 198, 199, 202, 204, 205, 210, 218, 219, 222, 223, 227, 228, 230, 232, 233, 241, 243, 246, 255, 256, 258, 259, 260, 261, 262, 264, 267, 268, 272, 275, 276, 279, 282, 283, 284, 285, 287, 288, 289, 290, 291, 292, 294, 301, 302, 303, 304, 309, 312, 316, 317, 319, 320, 322, 323, 324, 325, 326, 328, 329, 331, 332, 337, 338, 341, 342, 345, 346, 349, 350, 351, 352, 353, 354, 355, 356, 357, 358, 359, 360, 361, 362, 364, 365, 366, 368, 369, 370, 371, 372, 373, 374, 379, 380, 388, 389, 390, 391, 393], "summary": {"covered_lines": 191, "num_statements": 232, "percent_covered": 82.32758620689656, "percent_covered_display": "82", "missing_lines": 41, "excluded_lines": 2, "percent_statements_covered": 82.32758620689656, "percent_statements_covered_display": "82"}, "missing_lines": [72, 73, 124, 128, 129, 131, 173, 174, 175, 176, 177, 206, 209, 211, 212, 213, 214, 215, 216, 224, 225, 263, 265, 269, 270, 271, 273, 277, 280, 306, 307, 327, 333, 334, 335, 339, 343, 347, 375, 376, 377], "excluded_lines": [24, 25], "start_line": 1}}}, "src/power_framework/core/ignore.py": {"executed_lines": [16, 18, 19, 20, 21, 23, 28, 31, 34, 36, 39, 41, 42, 44, 45, 48, 50, 51, 52, 53, 54, 55, 56, 58, 59, 61, 62, 63, 64, 65, 68, 69, 70, 71, 72, 75, 77, 78, 79, 80, 81, 82, 83, 84, 85, 88, 89, 90, 94, 95, 96, 99, 105, 106, 107, 108, 109, 110, 113], "summary": {"covered_lines": 59, "num_statements": 70, "percent_covered": 84.28571428571429, "percent_covered_display": "84", "missing_lines": 11, "excluded_lines": 2, "percent_statements_covered": 84.28571428571429, "percent_statements_covered_display": "84"}, "missing_lines": [57, 60, 86, 87, 92, 93, 115, 116, 117, 118, 119], "excluded_lines": [25, 26], "functions": {"in_kb_scope": {"executed_lines": [41, 42, 44, 45], "summary": {"covered_lines": 4, "num_statements": 4, "percent_covered": 100.0, "percent_covered_display": "100", "missing_lines": 0, "excluded_lines": 0, "percent_statements_covered": 100.0, "percent_statements_covered_display": "100"}, "missing_lines": [], "excluded_lines": [], "start_line": 39}, "_parse_powerignore": {"executed_lines": [50, 51, 52, 53, 54, 55, 56, 58, 59, 61, 62, 63, 64, 65], "summary": {"covered_lines": 14, "num_statements": 16, "percent_covered": 87.5, "percent_covered_display": "88", "missing_lines": 2, "excluded_lines": 0, "percent_statements_covered": 87.5, "percent_statements_covered_display": "88"}, "missing_lines": [57, 60], "excluded_lines": [], "start_line": 48}, "_get_rules": {"executed_lines": [69, 70, 71, 72], "summary": {"covered_lines": 4, "num_statements": 4, "percent_covered": 100.0, "percent_covered_display": "100", "missing_lines": 0, "excluded_lines": 0, "percent_statements_covered": 100.0, "percent_statements_covered_display": "100"}, "missing_lines": [], "excluded_lines": [], "start_line": 68}, "is_ignored": {"executed_lines": [77, 78, 79, 80, 81, 82, 83, 84, 85, 88, 89, 90, 94, 95, 96], "summary": {"covered_lines": 15, "num_statements": 19, "percent_covered": 78.94736842105263, "percent_covered_display": "79", "missing_lines": 4, "excluded_lines": 0, "percent_statements_covered": 78.94736842105263, "percent_statements_covered_display": "79"}, "missing_lines": [86, 87, 92, 93], "excluded_lines": [], "start_line": 75}, "should_skip": {"executed_lines": [105, 106, 107, 108, 109, 110], "summary": {"covered_lines": 6, "num_statements": 6, "percent_covered": 100.0, "percent_covered_display": "100", "missing_lines": 0, "excluded_lines": 0, "percent_statements_covered": 100.0, "percent_statements_covered_display": "100"}, "missing_lines": [], "excluded_lines": [], "start_line": 99}, "iter_markdown": {"executed_lines": [], "summary": {"covered_lines": 0, "num_statements": 5, "percent_covered": 0.0, "percent_covered_display": "0", "missing_lines": 5, "excluded_lines": 0, "percent_statements_covered": 0.0, "percent_statements_covered_display": "0"}, "missing_lines": [115, 116, 117, 118, 119], "excluded_lines": [], "start_line": 113}, "": {"executed_lines": [16, 18, 19, 20, 21, 23, 28, 31, 34, 36, 39, 48, 68, 75, 99, 113], "summary": {"covered_lines": 16, "num_statements": 16, "percent_covered": 100.0, "percent_covered_display": "100", "missing_lines": 0, "excluded_lines": 2, "percent_statements_covered": 100.0, "percent_statements_covered_display": "100"}, "missing_lines": [], "excluded_lines": [25, 26], "start_line": 1}}, "classes": {"": {"executed_lines": [16, 18, 19, 20, 21, 23, 28, 31, 34, 36, 39, 41, 42, 44, 45, 48, 50, 51, 52, 53, 54, 55, 56, 58, 59, 61, 62, 63, 64, 65, 68, 69, 70, 71, 72, 75, 77, 78, 79, 80, 81, 82, 83, 84, 85, 88, 89, 90, 94, 95, 96, 99, 105, 106, 107, 108, 109, 110, 113], "summary": {"covered_lines": 59, "num_statements": 70, "percent_covered": 84.28571428571429, "percent_covered_display": "84", "missing_lines": 11, "excluded_lines": 2, "percent_statements_covered": 84.28571428571429, "percent_statements_covered_display": "84"}, "missing_lines": [57, 60, 86, 87, 92, 93, 115, 116, 117, 118, 119], "excluded_lines": [25, 26], "start_line": 1}}}, "src/power_framework/core/index_worker.py": {"executed_lines": [17, 19, 20, 21, 22, 23, 25, 26, 27, 29, 31, 32, 33, 36, 45, 47, 48, 49, 53, 54, 63, 72, 75, 80, 81, 82, 83, 84, 85, 86, 95, 96, 99, 102, 103, 104, 105, 106, 107, 110, 124, 129, 154, 160, 214, 215, 216, 217, 224, 227, 230, 233, 244, 246, 247, 248, 249, 251, 253, 257, 258, 259, 260, 261, 262, 263, 267, 270, 276], "summary": {"covered_lines": 69, "num_statements": 152, "percent_covered": 45.39473684210526, "percent_covered_display": "45", "missing_lines": 83, "excluded_lines": 14, "percent_statements_covered": 45.39473684210526, "percent_statements_covered_display": "45"}, "missing_lines": [50, 91, 113, 114, 115, 116, 117, 120, 121, 126, 131, 132, 133, 134, 135, 136, 140, 141, 142, 144, 145, 149, 150, 151, 155, 156, 157, 162, 163, 164, 165, 166, 167, 168, 169, 170, 171, 172, 173, 175, 176, 178, 180, 181, 182, 185, 186, 187, 188, 189, 190, 191, 192, 194, 195, 196, 198, 199, 200, 201, 205, 206, 218, 219, 234, 236, 237, 238, 239, 240, 241, 250, 252, 271, 273, 277, 279, 280, 281, 282, 283, 284, 286], "excluded_lines": [97, 98, 202, 203, 208, 209, 210, 211, 220, 221, 254, 255, 264, 265], "functions": {"_db_path": {"executed_lines": [45, 47, 48, 49], "summary": {"covered_lines": 4, "num_statements": 5, "percent_covered": 80.0, "percent_covered_display": "80", "missing_lines": 1, "excluded_lines": 0, "percent_statements_covered": 80.0, "percent_statements_covered_display": "80"}, "missing_lines": [50], "excluded_lines": [], "start_line": 36}, "_ensure_queue_table": {"executed_lines": [54, 63, 72], "summary": {"covered_lines": 3, "num_statements": 3, "percent_covered": 100.0, "percent_covered_display": "100", "missing_lines": 0, "excluded_lines": 0, "percent_statements_covered": 100.0, "percent_statements_covered_display": "100"}, "missing_lines": [], "excluded_lines": [], "start_line": 53}, "request_sync": {"executed_lines": [80, 81, 82, 83, 84, 85, 86, 95, 96, 99], "summary": {"covered_lines": 10, "num_statements": 11, "percent_covered": 90.9090909090909, "percent_covered_display": "91", "missing_lines": 1, "excluded_lines": 2, "percent_statements_covered": 90.9090909090909, "percent_statements_covered_display": "91"}, "missing_lines": [91], "excluded_lines": [97, 98], "start_line": 75}, "_connect": {"executed_lines": [103, 104, 105, 106, 107], "summary": {"covered_lines": 5, "num_statements": 5, "percent_covered": 100.0, "percent_covered_display": "100", "missing_lines": 0, "excluded_lines": 0, "percent_statements_covered": 100.0, "percent_statements_covered_display": "100"}, "missing_lines": [], "excluded_lines": [], "start_line": 102}, "ensure_indexer_running": {"executed_lines": [], "summary": {"covered_lines": 0, "num_statements": 7, "percent_covered": 0.0, "percent_covered_display": "0", "missing_lines": 7, "excluded_lines": 0, "percent_statements_covered": 0.0, "percent_statements_covered_display": "0"}, "missing_lines": [113, 114, 115, 116, 117, 120, 121], "excluded_lines": [], "start_line": 110}, "stop_indexer": {"executed_lines": [], "summary": {"covered_lines": 0, "num_statements": 1, "percent_covered": 0.0, "percent_covered_display": "0", "missing_lines": 1, "excluded_lines": 0, "percent_statements_covered": 0.0, "percent_statements_covered_display": "0"}, "missing_lines": [126], "excluded_lines": [], "start_line": 124}, "_try_acquire_lease": {"executed_lines": [], "summary": {"covered_lines": 0, "num_statements": 14, "percent_covered": 0.0, "percent_covered_display": "0", "missing_lines": 14, "excluded_lines": 0, "percent_statements_covered": 0.0, "percent_statements_covered_display": "0"}, "missing_lines": [131, 132, 133, 134, 135, 136, 140, 141, 142, 144, 145, 149, 150, 151], "excluded_lines": [], "start_line": 129}, "_release_lease": {"executed_lines": [], "summary": {"covered_lines": 0, "num_statements": 3, "percent_covered": 0.0, "percent_covered_display": "0", "missing_lines": 3, "excluded_lines": 0, "percent_statements_covered": 0.0, "percent_statements_covered_display": "0"}, "missing_lines": [155, 156, 157], "excluded_lines": [], "start_line": 154}, "_index_worker_loop": {"executed_lines": [], "summary": {"covered_lines": 0, "num_statements": 35, "percent_covered": 0.0, "percent_covered_display": "0", "missing_lines": 35, "excluded_lines": 6, "percent_statements_covered": 0.0, "percent_statements_covered_display": "0"}, "missing_lines": [162, 163, 164, 165, 166, 167, 168, 169, 170, 171, 172, 173, 175, 176, 178, 180, 181, 182, 185, 186, 187, 188, 189, 190, 191, 192, 194, 195, 196, 198, 199, 200, 201, 205, 206], "excluded_lines": [202, 203, 208, 209, 210, 211], "start_line": 160}, "_clear_queue": {"executed_lines": [215, 216, 217], "summary": {"covered_lines": 3, "num_statements": 5, "percent_covered": 60.0, "percent_covered_display": "60", "missing_lines": 2, "excluded_lines": 2, "percent_statements_covered": 60.0, "percent_statements_covered_display": "60"}, "missing_lines": [218, 219], "excluded_lines": [220, 221], "start_line": 214}, "set_vault_dir": {"executed_lines": [230], "summary": {"covered_lines": 1, "num_statements": 1, "percent_covered": 100.0, "percent_covered_display": "100", "missing_lines": 0, "excluded_lines": 0, "percent_statements_covered": 100.0, "percent_statements_covered_display": "100"}, "missing_lines": [], "excluded_lines": [], "start_line": 227}, "_resolve_vault_dir": {"executed_lines": [], "summary": {"covered_lines": 0, "num_statements": 7, "percent_covered": 0.0, "percent_covered_display": "0", "missing_lines": 7, "excluded_lines": 0, "percent_statements_covered": 0.0, "percent_statements_covered_display": "0"}, "missing_lines": [234, 236, 237, 238, 239, 240, 241], "excluded_lines": [], "start_line": 233}, "get_coverage": {"executed_lines": [246, 247, 248, 249, 251, 253, 257, 258, 259, 260, 261, 262, 263, 267], "summary": {"covered_lines": 14, "num_statements": 16, "percent_covered": 87.5, "percent_covered_display": "88", "missing_lines": 2, "excluded_lines": 4, "percent_statements_covered": 87.5, "percent_statements_covered_display": "88"}, "missing_lines": [250, 252], "excluded_lines": [254, 255, 264, 265], "start_line": 244}, "_pid": {"executed_lines": [], "summary": {"covered_lines": 0, "num_statements": 2, "percent_covered": 0.0, "percent_covered_display": "0", "missing_lines": 2, "excluded_lines": 0, "percent_statements_covered": 0.0, "percent_statements_covered_display": "0"}, "missing_lines": [271, 273], "excluded_lines": [], "start_line": 270}, "_pid_alive": {"executed_lines": [], "summary": {"covered_lines": 0, "num_statements": 8, "percent_covered": 0.0, "percent_covered_display": "0", "missing_lines": 8, "excluded_lines": 0, "percent_statements_covered": 0.0, "percent_statements_covered_display": "0"}, "missing_lines": [277, 279, 280, 281, 282, 283, 284, 286], "excluded_lines": [], "start_line": 276}, "": {"executed_lines": [17, 19, 20, 21, 22, 23, 25, 26, 27, 29, 31, 32, 33, 36, 53, 75, 102, 110, 124, 129, 154, 160, 214, 224, 227, 233, 244, 270, 276], "summary": {"covered_lines": 29, "num_statements": 29, "percent_covered": 100.0, "percent_covered_display": "100", "missing_lines": 0, "excluded_lines": 0, "percent_statements_covered": 100.0, "percent_statements_covered_display": "100"}, "missing_lines": [], "excluded_lines": [], "start_line": 1}}, "classes": {"": {"executed_lines": [17, 19, 20, 21, 22, 23, 25, 26, 27, 29, 31, 32, 33, 36, 45, 47, 48, 49, 53, 54, 63, 72, 75, 80, 81, 82, 83, 84, 85, 86, 95, 96, 99, 102, 103, 104, 105, 106, 107, 110, 124, 129, 154, 160, 214, 215, 216, 217, 224, 227, 230, 233, 244, 246, 247, 248, 249, 251, 253, 257, 258, 259, 260, 261, 262, 263, 267, 270, 276], "summary": {"covered_lines": 69, "num_statements": 152, "percent_covered": 45.39473684210526, "percent_covered_display": "45", "missing_lines": 83, "excluded_lines": 14, "percent_statements_covered": 45.39473684210526, "percent_statements_covered_display": "45"}, "missing_lines": [50, 91, 113, 114, 115, 116, 117, 120, 121, 126, 131, 132, 133, 134, 135, 136, 140, 141, 142, 144, 145, 149, 150, 151, 155, 156, 157, 162, 163, 164, 165, 166, 167, 168, 169, 170, 171, 172, 173, 175, 176, 178, 180, 181, 182, 185, 186, 187, 188, 189, 190, 191, 192, 194, 195, 196, 198, 199, 200, 201, 205, 206, 218, 219, 234, 236, 237, 238, 239, 240, 241, 250, 252, 271, 273, 277, 279, 280, 281, 282, 283, 284, 286], "excluded_lines": [97, 98, 202, 203, 208, 209, 210, 211, 220, 221, 254, 255, 264, 265], "start_line": 1}}}, "src/power_framework/core/indexer.py": {"executed_lines": [9, 11, 12, 14, 15, 16, 17, 20, 26, 27, 28, 29, 30, 33, 40, 42, 43, 44, 45, 46, 48, 49, 50, 51, 54, 55, 56, 57, 59, 60, 61, 65, 68, 75, 77, 79, 80, 81, 83, 84, 85, 87, 88, 91, 92, 93, 94, 97, 98, 99, 100, 101, 102, 104, 118, 119, 120, 124, 127, 129, 143, 148, 149, 150, 151, 152, 153, 155, 158, 160, 179, 180, 181, 182, 183, 184, 186, 187, 188, 189, 190, 191, 192, 193, 195, 198, 200, 202, 212, 213, 214, 215, 216, 218, 219, 221, 223, 224, 225, 226, 227, 228, 229, 230, 231, 233, 235, 237, 240, 241, 242, 244, 247, 253, 255, 256, 257, 259, 260, 263, 269, 270, 272, 273, 274, 276, 279, 285, 287, 289, 290, 291, 293, 294, 295, 296, 297, 298, 299, 301, 304, 306, 309, 311, 312, 315, 316, 317, 334], "summary": {"covered_lines": 149, "num_statements": 162, "percent_covered": 91.9753086419753, "percent_covered_display": "92", "missing_lines": 13, "excluded_lines": 0, "percent_statements_covered": 91.9753086419753, "percent_statements_covered_display": "92"}, "missing_lines": [52, 62, 63, 89, 95, 121, 122, 232, 234, 236, 238, 239, 313], "excluded_lines": [], "functions": {"truncate_for_catalog": {"executed_lines": [26, 27, 28, 29, 30], "summary": {"covered_lines": 5, "num_statements": 5, "percent_covered": 100.0, "percent_covered_display": "100", "missing_lines": 0, "excluded_lines": 0, "percent_statements_covered": 100.0, "percent_statements_covered_display": "100"}, "missing_lines": [], "excluded_lines": [], "start_line": 20}, "scan_vault_notes": {"executed_lines": [40, 42, 43, 44, 45, 46, 48, 49, 50, 51, 54, 55, 56, 57, 59, 60, 61, 65], "summary": {"covered_lines": 18, "num_statements": 21, "percent_covered": 85.71428571428571, "percent_covered_display": "86", "missing_lines": 3, "excluded_lines": 0, "percent_statements_covered": 85.71428571428571, "percent_statements_covered_display": "86"}, "missing_lines": [52, 62, 63], "excluded_lines": [], "start_line": 33}, "scan_folder_notes": {"executed_lines": [75, 77, 79, 80, 81, 83, 84, 85, 87, 88, 91, 92, 93, 94, 97, 98, 99, 100, 101, 102, 104, 118, 119, 120, 124], "summary": {"covered_lines": 25, "num_statements": 29, "percent_covered": 86.20689655172414, "percent_covered_display": "86", "missing_lines": 4, "excluded_lines": 0, "percent_statements_covered": 86.20689655172414, "percent_statements_covered_display": "86"}, "missing_lines": [89, 95, 121, 122], "excluded_lines": [], "start_line": 68}, "generate_index_content": {"executed_lines": [129, 143, 148, 149, 150, 151, 152, 153, 155], "summary": {"covered_lines": 9, "num_statements": 9, "percent_covered": 100.0, "percent_covered_display": "100", "missing_lines": 0, "excluded_lines": 0, "percent_statements_covered": 100.0, "percent_statements_covered_display": "100"}, "missing_lines": [], "excluded_lines": [], "start_line": 127}, "generate_main_index_content": {"executed_lines": [160, 179, 180, 181, 182, 183, 184, 186, 187, 188, 189, 190, 191, 192, 193, 195], "summary": {"covered_lines": 16, "num_statements": 16, "percent_covered": 100.0, "percent_covered_display": "100", "missing_lines": 0, "excluded_lines": 0, "percent_statements_covered": 100.0, "percent_statements_covered_display": "100"}, "missing_lines": [], "excluded_lines": [], "start_line": 158}, "generate_sub_index_content": {"executed_lines": [200, 202, 212, 213, 214, 215, 216, 218, 219, 221, 223, 224, 225, 226, 227, 228, 229, 230, 231, 233, 235, 237, 240, 241, 242, 244], "summary": {"covered_lines": 26, "num_statements": 31, "percent_covered": 83.87096774193549, "percent_covered_display": "84", "missing_lines": 5, "excluded_lines": 0, "percent_statements_covered": 83.87096774193549, "percent_statements_covered_display": "84"}, "missing_lines": [232, 234, 236, 238, 239], "excluded_lines": [], "start_line": 198}, "run_generate_index": {"executed_lines": [253, 255, 256, 257, 259, 260], "summary": {"covered_lines": 6, "num_statements": 6, "percent_covered": 100.0, "percent_covered_display": "100", "missing_lines": 0, "excluded_lines": 0, "percent_statements_covered": 100.0, "percent_statements_covered_display": "100"}, "missing_lines": [], "excluded_lines": [], "start_line": 247}, "run_generate_sub_index": {"executed_lines": [269, 270, 272, 273, 274, 276], "summary": {"covered_lines": 6, "num_statements": 6, "percent_covered": 100.0, "percent_covered_display": "100", "missing_lines": 0, "excluded_lines": 0, "percent_statements_covered": 100.0, "percent_statements_covered_display": "100"}, "missing_lines": [], "excluded_lines": [], "start_line": 263}, "run_generate_hierarchical_index": {"executed_lines": [285, 287, 289, 290, 291, 293, 294, 295, 296, 297, 298, 299, 301, 304, 306], "summary": {"covered_lines": 15, "num_statements": 15, "percent_covered": 100.0, "percent_covered_display": "100", "missing_lines": 0, "excluded_lines": 0, "percent_statements_covered": 100.0, "percent_statements_covered_display": "100"}, "missing_lines": [], "excluded_lines": [], "start_line": 279}, "generate_log_initial": {"executed_lines": [311, 312, 315, 316, 317, 334], "summary": {"covered_lines": 6, "num_statements": 7, "percent_covered": 85.71428571428571, "percent_covered_display": "86", "missing_lines": 1, "excluded_lines": 0, "percent_statements_covered": 85.71428571428571, "percent_statements_covered_display": "86"}, "missing_lines": [313], "excluded_lines": [], "start_line": 309}, "": {"executed_lines": [9, 11, 12, 14, 15, 16, 17, 20, 33, 68, 127, 158, 198, 247, 263, 279, 309], "summary": {"covered_lines": 17, "num_statements": 17, "percent_covered": 100.0, "percent_covered_display": "100", "missing_lines": 0, "excluded_lines": 0, "percent_statements_covered": 100.0, "percent_statements_covered_display": "100"}, "missing_lines": [], "excluded_lines": [], "start_line": 1}}, "classes": {"": {"executed_lines": [9, 11, 12, 14, 15, 16, 17, 20, 26, 27, 28, 29, 30, 33, 40, 42, 43, 44, 45, 46, 48, 49, 50, 51, 54, 55, 56, 57, 59, 60, 61, 65, 68, 75, 77, 79, 80, 81, 83, 84, 85, 87, 88, 91, 92, 93, 94, 97, 98, 99, 100, 101, 102, 104, 118, 119, 120, 124, 127, 129, 143, 148, 149, 150, 151, 152, 153, 155, 158, 160, 179, 180, 181, 182, 183, 184, 186, 187, 188, 189, 190, 191, 192, 193, 195, 198, 200, 202, 212, 213, 214, 215, 216, 218, 219, 221, 223, 224, 225, 226, 227, 228, 229, 230, 231, 233, 235, 237, 240, 241, 242, 244, 247, 253, 255, 256, 257, 259, 260, 263, 269, 270, 272, 273, 274, 276, 279, 285, 287, 289, 290, 291, 293, 294, 295, 296, 297, 298, 299, 301, 304, 306, 309, 311, 312, 315, 316, 317, 334], "summary": {"covered_lines": 149, "num_statements": 162, "percent_covered": 91.9753086419753, "percent_covered_display": "92", "missing_lines": 13, "excluded_lines": 0, "percent_statements_covered": 91.9753086419753, "percent_statements_covered_display": "92"}, "missing_lines": [52, 62, 63, 89, 95, 121, 122, 232, 234, 236, 238, 239, 313], "excluded_lines": [], "start_line": 1}}}, "src/power_framework/core/linter.py": {"executed_lines": [17, 19, 20, 21, 22, 23, 24, 26, 27, 33, 35, 37, 38, 39, 41, 42, 45, 48, 49, 50, 51, 52, 53, 55, 56, 57, 59, 60, 62, 64, 66, 67, 75, 76, 77, 78, 79, 81, 82, 83, 84, 85, 87, 88, 89, 90, 92, 93, 94, 95, 96, 98, 99, 101, 104, 107, 108, 109, 110, 111, 112, 113, 114, 115, 117, 118, 119, 128, 129, 130, 139, 141, 142, 149, 150, 151, 152, 153, 154, 156, 157, 158, 159, 160, 161, 163, 164, 165, 166, 167, 169, 170, 171, 172, 173, 175, 186, 187, 188, 194, 195, 196, 197, 198, 200, 209, 212, 215, 217, 220, 222, 223, 224, 225, 226, 227, 228, 231, 233, 234, 235, 236, 239, 241, 243, 244, 245, 246, 248, 253, 258, 261, 270, 272, 273, 274, 275, 277, 278, 279, 280, 282, 284, 285, 287, 289, 290, 292, 293, 297, 298, 299, 300, 301, 302, 303, 304, 307, 308, 309, 310, 311, 312, 313, 317, 322, 323, 325, 326, 327, 328, 329, 330, 332, 333, 334, 335, 336, 337, 339, 340, 341, 346, 348, 351, 353, 354, 357, 372, 374, 375, 377, 378, 379, 381, 384, 385, 389, 390, 391, 393, 394, 397, 398, 401, 402, 403, 404, 408, 414, 415, 416, 417, 419, 422, 423, 424, 425, 426, 427, 428, 429, 431, 432, 433, 434, 437, 438, 446, 447, 448, 452, 453, 454, 458, 459, 460, 464, 465, 466, 470, 471, 472, 476, 479, 481, 482, 485, 499, 500, 501, 502, 504, 505, 506, 508, 511, 512, 515, 516, 520, 521, 522, 524, 526, 527, 528, 529, 530, 531, 536, 537, 540, 541, 543, 547, 548, 550, 551, 552, 554, 561, 562, 563, 564, 566, 567, 569, 574, 575, 577, 580], "summary": {"covered_lines": 292, "num_statements": 412, "percent_covered": 70.87378640776699, "percent_covered_display": "71", "missing_lines": 120, "excluded_lines": 0, "percent_statements_covered": 70.87378640776699, "percent_statements_covered_display": "71"}, "missing_lines": [176, 177, 180, 181, 182, 183, 184, 189, 190, 191, 192, 201, 202, 203, 204, 205, 206, 207, 210, 249, 250, 251, 254, 255, 256, 294, 295, 318, 320, 380, 382, 386, 387, 409, 411, 430, 449, 450, 455, 456, 461, 462, 467, 468, 473, 474, 507, 509, 513, 517, 518, 532, 534, 544, 545, 570, 571, 572, 583, 584, 585, 586, 588, 590, 591, 592, 594, 603, 604, 605, 607, 608, 609, 611, 612, 614, 615, 617, 620, 621, 622, 624, 626, 627, 628, 631, 632, 634, 635, 636, 637, 639, 640, 642, 643, 644, 647, 648, 649, 652, 655, 656, 657, 658, 659, 660, 662, 663, 665, 676, 677, 679, 690, 691, 693, 703, 704, 705, 707, 718], "excluded_lines": [], "functions": {"LintResult.__init__": {"executed_lines": [49, 50, 51, 52, 53], "summary": {"covered_lines": 5, "num_statements": 5, "percent_covered": 100.0, "percent_covered_display": "100", "missing_lines": 0, "excluded_lines": 0, "percent_statements_covered": 100.0, "percent_statements_covered_display": "100"}, "missing_lines": [], "excluded_lines": [], "start_line": 48}, "LintResult.has_issues": {"executed_lines": [57], "summary": {"covered_lines": 1, "num_statements": 1, "percent_covered": 100.0, "percent_covered_display": "100", "missing_lines": 0, "excluded_lines": 0, "percent_statements_covered": 100.0, "percent_statements_covered_display": "100"}, "missing_lines": [], "excluded_lines": [], "start_line": 56}, "LintResult.has_blocking_issues": {"executed_lines": [62], "summary": {"covered_lines": 1, "num_statements": 1, "percent_covered": 100.0, "percent_covered_display": "100", "missing_lines": 0, "excluded_lines": 0, "percent_statements_covered": 100.0, "percent_statements_covered_display": "100"}, "missing_lines": [], "excluded_lines": [], "start_line": 60}, "LintResult.format_report": {"executed_lines": [66, 67, 75, 76, 77, 78, 79, 81, 82, 83, 84, 85, 87, 88, 89, 90, 92, 93, 94, 95, 96, 98, 99, 101], "summary": {"covered_lines": 24, "num_statements": 24, "percent_covered": 100.0, "percent_covered_display": "100", "missing_lines": 0, "excluded_lines": 0, "percent_statements_covered": 100.0, "percent_statements_covered_display": "100"}, "missing_lines": [], "excluded_lines": [], "start_line": 64}, "ROTResult.__init__": {"executed_lines": [108, 109, 110, 111, 112, 113, 114, 115], "summary": {"covered_lines": 8, "num_statements": 8, "percent_covered": 100.0, "percent_covered_display": "100", "missing_lines": 0, "excluded_lines": 0, "percent_statements_covered": 100.0, "percent_statements_covered_display": "100"}, "missing_lines": [], "excluded_lin
[...]
_covered_display": "76", "missing_lines": 42, "excluded_lines": 0, "percent_statements_covered": 75.72254335260115, "percent_statements_covered_display": "76"}, "missing_lines": [177, 178, 179, 180, 181, 182, 219, 293, 294, 295, 296, 297, 298, 301, 308, 309, 314, 315, 317, 320, 321, 322, 324, 325, 332, 333, 334, 335, 336, 337, 338, 339, 340, 341, 342, 344, 346, 347, 349, 350, 351, 352], "excluded_lines": [], "start_line": 1}}}, "src/power_framework/core/write_queue.py": {"executed_lines": [11, 13, 14, 15, 16, 21, 23, 29, 31, 32, 35, 38, 39, 40, 43, 45, 46, 47, 48, 49, 58, 62, 63, 66, 69, 70, 71, 74, 79, 86, 87, 88, 91, 100, 101, 102, 104, 105, 106, 107, 108, 109, 111, 112, 113, 117, 119, 122, 125, 126], "summary": {"covered_lines": 50, "num_statements": 56, "percent_covered": 89.28571428571429, "percent_covered_display": "89", "missing_lines": 6, "excluded_lines": 2, "percent_statements_covered": 89.28571428571429, "percent_statements_covered_display": "89"}, "missing_lines": [50, 54, 55, 56, 76, 114], "excluded_lines": [18, 19], "functions": {"get_queue": {"executed_lines": [38, 39, 40], "summary": {"covered_lines": 3, "num_statements": 3, "percent_covered": 100.0, "percent_covered_display": "100", "missing_lines": 0, "excluded_lines": 0, "percent_statements_covered": 100.0, "percent_statements_covered_display": "100"}, "missing_lines": [], "excluded_lines": [], "start_line": 35}, "_worker": {"executed_lines": [45, 46, 47, 48, 49, 58, 62, 63], "summary": {"covered_lines": 8, "num_statements": 12, "percent_covered": 66.66666666666667, "percent_covered_display": "67", "missing_lines": 4, "excluded_lines": 0, "percent_statements_covered": 66.66666666666667, "percent_statements_covered_display": "67"}, "missing_lines": [50, 54, 55, 56], "excluded_lines": [], "start_line": 43}, "ensure_write_worker": {"executed_lines": [69, 70, 71], "summary": {"covered_lines": 3, "num_statements": 3, "percent_covered": 100.0, "percent_covered_display": "100", "missing_lines": 0, "excluded_lines": 0, "percent_statements_covered": 100.0, "percent_statements_covered_display": "100"}, "missing_lines": [], "excluded_lines": [], "start_line": 66}, "get_write_worker_task": {"executed_lines": [], "summary": {"covered_lines": 0, "num_statements": 1, "percent_covered": 0.0, "percent_covered_display": "0", "missing_lines": 1, "excluded_lines": 0, "percent_statements_covered": 0.0, "percent_statements_covered_display": "0"}, "missing_lines": [76], "excluded_lines": [], "start_line": 74}, "run_blocking": {"executed_lines": [86, 87, 88], "summary": {"covered_lines": 3, "num_statements": 3, "percent_covered": 100.0, "percent_covered_display": "100", "missing_lines": 0, "excluded_lines": 0, "percent_statements_covered": 100.0, "percent_statements_covered_display": "100"}, "missing_lines": [], "excluded_lines": [], "start_line": 79}, "enqueue_write": {"executed_lines": [100, 101, 102, 104, 111, 112, 113], "summary": {"covered_lines": 7, "num_statements": 8, "percent_covered": 87.5, "percent_covered_display": "88", "missing_lines": 1, "excluded_lines": 0, "percent_statements_covered": 87.5, "percent_statements_covered_display": "88"}, "missing_lines": [114], "excluded_lines": [], "start_line": 91}, "enqueue_write._job": {"executed_lines": [105, 106, 107, 108, 109], "summary": {"covered_lines": 5, "num_statements": 5, "percent_covered": 100.0, "percent_covered_display": "100", "missing_lines": 0, "excluded_lines": 0, "percent_statements_covered": 100.0, "percent_statements_covered_display": "100"}, "missing_lines": [], "excluded_lines": [], "start_line": 104}, "drain": {"executed_lines": [119], "summary": {"covered_lines": 1, "num_statements": 1, "percent_covered": 100.0, "percent_covered_display": "100", "missing_lines": 0, "excluded_lines": 0, "percent_statements_covered": 100.0, "percent_statements_covered_display": "100"}, "missing_lines": [], "excluded_lines": [], "start_line": 117}, "reset_for_test": {"executed_lines": [125, 126], "summary": {"covered_lines": 2, "num_statements": 2, "percent_covered": 100.0, "percent_covered_display": "100", "missing_lines": 0, "excluded_lines": 0, "percent_statements_covered": 100.0, "percent_statements_covered_display": "100"}, "missing_lines": [], "excluded_lines": [], "start_line": 122}, "": {"executed_lines": [11, 13, 14, 15, 16, 21, 23, 29, 31, 32, 35, 43, 66, 74, 79, 91, 117, 122], "summary": {"covered_lines": 18, "num_statements": 18, "percent_covered": 100.0, "percent_covered_display": "100", "missing_lines": 0, "excluded_lines": 2, "percent_statements_covered": 100.0, "percent_statements_covered_display": "100"}, "missing_lines": [], "excluded_lines": [18, 19], "start_line": 1}}, "classes": {"": {"executed_lines": [11, 13, 14, 15, 16, 21, 23, 29, 31, 32, 35, 38, 39, 40, 43, 45, 46, 47, 48, 49, 58, 62, 63, 66, 69, 70, 71, 74, 79, 86, 87, 88, 91, 100, 101, 102, 104, 105, 106, 107, 108, 109, 111, 112, 113, 117, 119, 122, 125, 126], "summary": {"covered_lines": 50, "num_statements": 56, "percent_covered": 89.28571428571429, "percent_covered_display": "89", "missing_lines": 6, "excluded_lines": 2, "percent_statements_covered": 89.28571428571429, "percent_statements_covered_display": "89"}, "missing_lines": [50, 54, 55, 56, 76, 114], "excluded_lines": [18, 19], "start_line": 1}}}, "src/power_framework/mcp/__init__.py": {"executed_lines": [3, 5, 7], "summary": {"covered_lines": 3, "num_statements": 3, "percent_covered": 100.0, "percent_covered_display": "100", "missing_lines": 0, "excluded_lines": 0, "percent_statements_covered": 100.0, "percent_statements_covered_display": "100"}, "missing_lines": [], "excluded_lines": [], "functions": {"": {"executed_lines": [3, 5, 7], "summary": {"covered_lines": 3, "num_statements": 3, "percent_covered": 100.0, "percent_covered_display": "100", "missing_lines": 0, "excluded_lines": 0, "percent_statements_covered": 100.0, "percent_statements_covered_display": "100"}, "missing_lines": [], "excluded_lines": [], "start_line": 1}}, "classes": {"": {"executed_lines": [3, 5, 7], "summary": {"covered_lines": 3, "num_statements": 3, "percent_covered": 100.0, "percent_covered_display": "100", "missing_lines": 0, "excluded_lines": 0, "percent_statements_covered": 100.0, "percent_statements_covered_display": "100"}, "missing_lines": [], "excluded_lines": [], "start_line": 1}}}, "src/power_framework/mcp/__main__.py": {"executed_lines": [], "summary": {"covered_lines": 0, "num_statements": 4, "percent_covered": 0.0, "percent_covered_display": "0", "missing_lines": 4, "excluded_lines": 0, "percent_statements_covered": 0.0, "percent_statements_covered_display": "0"}, "missing_lines": [3, 5, 7, 8], "excluded_lines": [], "functions": {"": {"executed_lines": [], "summary": {"covered_lines": 0, "num_statements": 4, "percent_covered": 0.0, "percent_covered_display": "0", "missing_lines": 4, "excluded_lines": 0, "percent_statements_covered": 0.0, "percent_statements_covered_display": "0"}, "missing_lines": [3, 5, 7, 8], "excluded_lines": [], "start_line": 1}}, "classes": {"": {"executed_lines": [], "summary": {"covered_lines": 0, "num_statements": 4, "percent_covered": 0.0, "percent_covered_display": "0", "missing_lines": 4, "excluded_lines": 0, "percent_statements_covered": 0.0, "percent_statements_covered_display": "0"}, "missing_lines": [3, 5, 7, 8], "excluded_lines": [], "start_line": 1}}}, "src/power_framework/mcp/power_server.py": {"executed_lines": [22, 24, 25, 26, 27, 29, 30, 31, 36, 63, 66, 67, 68, 69, 71, 73, 74, 81, 82, 83, 84, 87, 89, 90, 91, 92, 93, 94, 95, 97, 98, 99, 101, 102, 105, 107, 108, 109, 112, 113, 118, 120, 121, 122, 123, 128, 130, 131, 132, 136, 137, 138, 139, 140, 141, 143, 146, 147, 149, 150, 153, 154, 156, 162, 164, 167, 168, 170, 172, 173, 175, 176, 177, 179, 180, 181, 186, 187, 189, 191, 194, 195, 198, 199, 201, 204, 205, 206, 207, 209, 212, 213, 224, 230, 231, 233, 236, 238, 239, 241, 242, 251, 252, 254, 255, 256, 258, 259, 260, 261, 266, 267, 269, 270, 278, 281, 282, 293, 295, 296, 297, 298, 299, 300, 301, 302, 304, 305, 306, 308, 311, 312, 331, 337, 338, 339, 341, 344, 345, 348, 350, 351, 365, 368, 369, 375, 376, 382, 383, 407, 408, 417, 418, 465, 470, 471, 472, 473, 474, 475, 476, 479, 482], "summary": {"covered_lines": 163, "num_statements": 228, "percent_covered": 71.49122807017544, "percent_covered_display": "71", "missing_lines": 65, "excluded_lines": 2, "percent_statements_covered": 71.49122807017544, "percent_statements_covered_display": "71"}, "missing_lines": [96, 114, 115, 157, 158, 183, 192, 196, 202, 225, 226, 234, 332, 333, 342, 346, 371, 372, 378, 379, 392, 393, 395, 396, 397, 401, 402, 404, 413, 414, 422, 424, 425, 426, 427, 429, 430, 431, 432, 433, 434, 436, 437, 438, 439, 440, 442, 443, 444, 445, 446, 447, 448, 449, 451, 452, 454, 455, 456, 457, 458, 460, 462, 477, 483], "excluded_lines": [33, 34], "functions": {"_get_vault_path": {"executed_lines": [89, 90, 91, 92, 93, 94, 95, 97, 98, 99, 101, 102], "summary": {"covered_lines": 12, "num_statements": 13, "percent_covered": 92.3076923076923, "percent_covered_display": "92", "missing_lines": 1, "excluded_lines": 0, "percent_statements_covered": 92.3076923076923, "percent_statements_covered_display": "92"}, "missing_lines": [96], "excluded_lines": [], "start_line": 87}, "_require_configured_vault_root": {"executed_lines": [107, 108, 109, 112, 113], "summary": {"covered_lines": 5, "num_statements": 7, "percent_covered": 71.42857142857143, "percent_covered_display": "71", "missing_lines": 2, "excluded_lines": 0, "percent_statements_covered": 71.42857142857143, "percent_statements_covered_display": "71"}, "missing_lines": [114, 115], "excluded_lines": [], "start_line": 105}, "_resolve_note_target": {"executed_lines": [120, 121, 122, 123], "summary": {"covered_lines": 4, "num_statements": 4, "percent_covered": 100.0, "percent_covered_display": "100", "missing_lines": 0, "excluded_lines": 0, "percent_statements_covered": 100.0, "percent_statements_covered_display": "100"}, "missing_lines": [], "excluded_lines": [], "start_line": 118}, "_get_http_transport_config": {"executed_lines": [130, 131, 132, 136, 137, 138, 139, 140, 141, 143], "summary": {"covered_lines": 10, "num_statements": 10, "percent_covered": 100.0, "percent_covered_display": "100", "missing_lines": 0, "excluded_lines": 0, "percent_statements_covered": 100.0, "percent_statements_covered_display": "100"}, "missing_lines": [], "excluded_lines": [], "start_line": 128}, "lint_vault": {"executed_lines": [149, 150], "summary": {"covered_lines": 2, "num_statements": 2, "percent_covered": 100.0, "percent_covered_display": "100", "missing_lines": 0, "excluded_lines": 0, "percent_statements_covered": 100.0, "percent_statements_covered_display": "100"}, "missing_lines": [], "excluded_lines": [], "start_line": 147}, "generate_index": {"executed_lines": [156, 162, 164], "summary": {"covered_lines": 3, "num_statements": 5, "percent_covered": 60.0, "percent_covered_display": "60", "missing_lines": 2, "excluded_lines": 0, "percent_statements_covered": 60.0, "percent_statements_covered_display": "60"}, "missing_lines": [157, 158], "excluded_lines": [], "start_line": 154}, "read_sub_index": {"executed_lines": [170, 172, 173, 175, 176, 177, 179, 180, 181], "summary": {"covered_lines": 9, "num_statements": 10, "percent_covered": 90.0, "percent_covered_display": "90", "missing_lines": 1, "excluded_lines": 0, "percent_statements_covered": 90.0, "percent_statements_covered_display": "90"}, "missing_lines": [183], "excluded_lines": [], "start_line": 168}, "ensure_sub_index": {"executed_lines": [189, 191, 194, 195, 198, 199, 201, 204, 209], "summary": {"covered_lines": 9, "num_statements": 12, "percent_covered": 75.0, "percent_covered_display": "75", "missing_lines": 3, "excluded_lines": 0, "percent_statements_covered": 75.0, "percent_statements_covered_display": "75"}, "missing_lines": [192, 196, 202], "excluded_lines": [], "start_line": 187}, "ensure_sub_index._gen_and_read": {"executed_lines": [205, 206, 207], "summary": {"covered_lines": 3, "num_statements": 3, "percent_covered": 100.0, "percent_covered_display": "100", "missing_lines": 0, "excluded_lines": 0, "percent_statements_covered": 100.0, "percent_statements_covered_display": "100"}, "missing_lines": [], "excluded_lines": [], "start_line": 204}, "ingest_note": {"executed_lines": [224, 230, 231, 233, 236, 238, 239, 241, 242, 251, 252, 254, 278], "summary": {"covered_lines": 13, "num_statements": 16, "percent_covered": 81.25, "percent_covered_display": "81", "missing_lines": 3, "excluded_lines": 0, "percent_statements_covered": 81.25, "percent_statements_covered_display": "81"}, "missing_lines": [225, 226, 234], "excluded_lines": [], "start_line": 213}, "ingest_note._write_and_index": {"executed_lines": [255, 256, 258, 259, 260, 261, 266, 267, 269, 270], "summary": {"covered_lines": 10, "num_statements": 10, "percent_covered": 100.0, "percent_covered_display": "100", "missing_lines": 0, "excluded_lines": 0, "percent_statements_covered": 100.0, "percent_statements_covered_display": "100"}, "missing_lines": [], "excluded_lines": [], "start_line": 254}, "search_vault_tool": {"executed_lines": [293, 295, 296, 297, 298, 299, 300, 301, 302, 304, 308], "summary": {"covered_lines": 11, "num_statements": 11, "percent_covered": 100.0, "percent_covered_display": "100", "missing_lines": 0, "excluded_lines": 0, "percent_statements_covered": 100.0, "percent_statements_covered_display": "100"}, "missing_lines": [], "excluded_lines": [], "start_line": 282}, "search_vault_tool._do_search": {"executed_lines": [305, 306], "summary": {"covered_lines": 2, "num_statements": 2, "percent_covered": 100.0, "percent_covered_display": "100", "missing_lines": 0, "excluded_lines": 0, "percent_statements_covered": 100.0, "percent_statements_covered_display": "100"}, "missing_lines": [], "excluded_lines": [], "start_line": 304}, "synthesize_session": {"executed_lines": [331, 337, 338, 339, 341, 344, 345, 348, 350, 365], "summary": {"covered_lines": 10, "num_statements": 14, "percent_covered": 71.42857142857143, "percent_covered_display": "71", "missing_lines": 4, "excluded_lines": 0, "percent_statements_covered": 71.42857142857143, "percent_statements_covered_display": "71"}, "missing_lines": [332, 333, 342, 346], "excluded_lines": [], "start_line": 312}, "synthesize_session._write_and_index": {"executed_lines": [351], "summary": {"covered_lines": 1, "num_statements": 1, "percent_covered": 100.0, "percent_covered_display": "100", "missing_lines": 0, "excluded_lines": 0, "percent_statements_covered": 100.0, "percent_statements_covered_display": "100"}, "missing_lines": [], "excluded_lines": [], "start_line": 350}, "rot_audit": {"executed_lines": [], "summary": {"covered_lines": 0, "num_statements": 2, "percent_covered": 0.0, "percent_covered_display": "0", "missing_lines": 2, "excluded_lines": 0, "percent_statements_covered": 0.0, "percent_statements_covered_display": "0"}, "missing_lines": [371, 372], "excluded_lines": [], "start_line": 369}, "archive_notes": {"executed_lines": [], "summary": {"covered_lines": 0, "num_statements": 2, "percent_covered": 0.0, "percent_covered_display": "0", "missing_lines": 2, "excluded_lines": 0, "percent_statements_covered": 0.0, "percent_statements_covered_display": "0"}, "missing_lines": [378, 379], "excluded_lines": [], "start_line": 376}, "suggest_related_tool": {"executed_lines": [], "summary": {"covered_lines": 0, "num_statements": 4, "percent_covered": 0.0, "percent_covered_display": "0", "missing_lines": 4, "excluded_lines": 0, "percent_statements_covered": 0.0, "percent_statements_covered_display": "0"}, "missing_lines": [392, 393, 395, 404], "excluded_lines": [], "start_line": 383}, "suggest_related_tool._do_suggest": {"executed_lines": [], "summary": {"covered_lines": 0, "num_statements": 4, "percent_covered": 0.0, "percent_covered_display": "0", "missing_lines": 4, "excluded_lines": 0, "percent_statements_covered": 0.0, "percent_statements_covered_display": "0"}, "missing_lines": [396, 397, 401, 402], "excluded_lines": [], "start_line": 395}, "heal_frontmatter_tool": {"executed_lines": [], "summary": {"covered_lines": 0, "num_statements": 2, "percent_covered": 0.0, "percent_covered_display": "0", "missing_lines": 2, "excluded_lines": 0, "percent_statements_covered": 0.0, "percent_statements_covered_display": "0"}, "missing_lines": [413, 414], "excluded_lines": [], "start_line": 408}, "check_markdown_tool": {"executed_lines": [], "summary": {"covered_lines": 0, "num_statements": 3, "percent_covered": 0.0, "percent_covered_display": "0", "missing_lines": 3, "excluded_lines": 0, "percent_statements_covered": 0.0, "percent_statements_covered_display": "0"}, "missing_lines": [422, 424, 462], "excluded_lines": [], "start_line": 418}, "check_markdown_tool._do_check": {"executed_lines": [], "summary": {"covered_lines": 0, "num_statements": 30, "percent_covered": 0.0, "percent_covered_display": "0", "missing_lines": 30, "excluded_lines": 0, "percent_statements_covered": 0.0, "percent_statements_covered_display": "0"}, "missing_lines": [425, 426, 427, 429, 430, 431, 432, 433, 434, 436, 437, 438, 439, 440, 442, 443, 444, 445, 446, 447, 448, 449, 451, 452, 454, 455, 456, 457, 458, 460], "excluded_lines": [], "start_line": 424}, "run": {"executed_lines": [470, 471, 472, 473, 474, 475, 476, 479], "summary": {"covered_lines": 8, "num_statements": 9, "percent_covered": 88.88888888888889, "percent_covered_display": "89", "missing_lines": 1, "excluded_lines": 0, "percent_statements_covered": 88.88888888888889, "percent_statements_covered_display": "89"}, "missing_lines": [477], "excluded_lines": [], "start_line": 465}, "": {"executed_lines": [22, 24, 25, 26, 27, 29, 30, 31, 36, 63, 66, 67, 68, 69, 71, 73, 74, 81, 82, 83, 84, 87, 105, 118, 128, 146, 147, 153, 154, 167, 168, 186, 187, 212, 213, 281, 282, 311, 312, 368, 369, 375, 376, 382, 383, 407, 408, 417, 418, 465, 482], "summary": {"covered_lines": 51, "num_statements": 52, "percent_covered": 98.07692307692308, "percent_covered_display": "98", "missing_lines": 1, "excluded_lines": 2, "percent_statements_covered": 98.07692307692308, "percent_statements_covered_display": "98"}, "missing_lines": [483], "excluded_lines": [33, 34], "start_line": 1}}, "classes": {"": {"executed_lines": [22, 24, 25, 26, 27, 29, 30, 31, 36, 63, 66, 67, 68, 69, 71, 73, 74, 81, 82, 83, 84, 87, 89, 90, 91, 92, 93, 94, 95, 97, 98, 99, 101, 102, 105, 107, 108, 109, 112, 113, 118, 120, 121, 122, 123, 128, 130, 131, 132, 136, 137, 138, 139, 140, 141, 143, 146, 147, 149, 150, 153, 154, 156, 162, 164, 167, 168, 170, 172, 173, 175, 176, 177, 179, 180, 181, 186, 187, 189, 191, 194, 195, 198, 199, 201, 204, 205, 206, 207, 209, 212, 213, 224, 230, 231, 233, 236, 238, 239, 241, 242, 251, 252, 254, 255, 256, 258, 259, 260, 261, 266, 267, 269, 270, 278, 281, 282, 293, 295, 296, 297, 298, 299, 300, 301, 302, 304, 305, 306, 308, 311, 312, 331, 337, 338, 339, 341, 344, 345, 348, 350, 351, 365, 368, 369, 375, 376, 382, 383, 407, 408, 417, 418, 465, 470, 471, 472, 473, 474, 475, 476, 479, 482], "summary": {"covered_lines": 163, "num_statements": 228, "percent_covered": 71.49122807017544, "percent_covered_display": "71", "missing_lines": 65, "excluded_lines": 2, "percent_statements_covered": 71.49122807017544, "percent_statements_covered_display": "71"}, "missing_lines": [96, 114, 115, 157, 158, 183, 192, 196, 202, 225, 226, 234, 332, 333, 342, 346, 371, 372, 378, 379, 392, 393, 395, 396, 397, 401, 402, 404, 413, 414, 422, 424, 425, 426, 427, 429, 430, 431, 432, 433, 434, 436, 437, 438, 439, 440, 442, 443, 444, 445, 446, 447, 448, 449, 451, 452, 454, 455, 456, 457, 458, 460, 462, 477, 483], "excluded_lines": [33, 34], "start_line": 1}}}}, "totals": {"covered_lines": 3349, "num_statements": 4462, "percent_covered": 75.05602868668758, "percent_covered_display": "75", "missing_lines": 1113, "excluded_lines": 50, "percent_statements_covered": 75.05602868668758, "percent_statements_covered_display": "75"}}